[+] Containers:
 |- [+] Container: /Game/ThirdPerson/Maps/Main
 |   |- [+] ActorDescs:
 |   |   |- Guid:008BAEDA4F5A733CD62071B9B81B5B1B BaseClass:/Game/B_Pressure_Plate.B_Pressure_Plate_C NativeClass:/Script/Engine.Actor Name:B_Pressure_Plate_C_UAID_485F99B2BF9A5A3A02_1955239585 Label:B_Pressure_Plate2 SpatiallyLoaded:true EditorBounds:IsValid=true, Min=(X=940.000 Y=1960.000 Z=-5.000), Max=(X=1040.000 Y=2060.000 Z=36.000) RuntimeBounds:IsValid=true, Min=(X=940.000 Y=1960.000 Z=-5.000), Max=(X=1040.000 Y=2060.000 Z=36.000) RuntimeGrid:None EditorOnly:false RuntimeOnly:false HLODRelevant:false ListedInSceneOutliner:true IsMainWorldOnly:false
 |   |   |- Guid:02002C2A4D77F4601D985096252BB4D4 NativeClass:/Script/Landscape.LandscapeStreamingProxy Name:LandscapeStreamingProxy_0G55VDTI2WNNUTL0PHXSBCKHG_126_3_2_0 Label:LandscapeStreamingProxy_3_2_0 SpatiallyLoaded:true EditorBounds:IsValid=true, Min=(X=12600.000 Y=0.000 Z=-100.000), Max=(X=25200.000 Y=12600.000 Z=100.000) RuntimeBounds:IsValid=true, Min=(X=12600.000 Y=0.000 Z=-100.000), Max=(X=25200.000 Y=12600.000 Z=100.000) RuntimeGrid:None EditorOnly:false RuntimeOnly:false HLODRelevant:true ListedInSceneOutliner:true IsMainWorldOnly:false
 |   |   |- Guid:1AFC863D41EA328CF820AF8F9A883D1E BaseClass:/Game/Assets/BP_Gift_Object.BP_Gift_Object_C NativeClass:/Script/Engine.Actor Name:BP_Gift_Object_C_UAID_485F99B2BF9A593A02_1544017408 Label:BP_Gift_Object3 SpatiallyLoaded:true EditorBounds:IsValid=true, Min=(X=2475.779 Y=576.609 Z=8.334), Max=(X=2553.373 Y=653.439 Z=128.612) RuntimeBounds:IsValid=true, Min=(X=2475.779 Y=576.609 Z=8.334), Max=(X=2553.373 Y=653.439 Z=128.612) RuntimeGrid:None EditorOnly:false RuntimeOnly:false HLODRelevant:false ListedInSceneOutliner:true IsMainWorldOnly:false
 |   |   |- Guid:2FB58999456391D349DC0F86DAC136ED NativeClass:/Script/Engine.SkyLight Name:SkyLight_1 Label:SkyLight SpatiallyLoaded:false EditorBounds:IsValid=true, Min=(X=-1.000 Y=-1.000 Z=-1.000), Max=(X=1.000 Y=1.000 Z=690.000) RuntimeBounds:IsValid=true, Min=(X=0.000 Y=0.000 Z=690.000), Max=(X=0.000 Y=0.000 Z=690.000) RuntimeGrid:None EditorOnly:false RuntimeOnly:false HLODRelevant:false ListedInSceneOutliner:true IsMainWorldOnly:false FolderPath:Lighting FolderGuid:963EC3EB4002CCE9759E2EBA541A873A
 |   |   |- Guid:316CF2A6494ACA4C0E4180A87D36AB8F NativeClass:/Script/Engine.ExponentialHeightFog Name:ExponentialHeightFog_0 Label:ExponentialHeightFog SpatiallyLoaded:false EditorBounds:IsValid=true, Min=(X=-5728.000 Y=-178.000 Z=-6978.000), Max=(X=-5472.000 Y=78.000 Z=-6722.000) RuntimeBounds:IsValid=true, Min=(X=-5600.000 Y=-50.000 Z=-6850.000), Max=(X=-5600.000 Y=-50.000 Z=-6850.000) RuntimeGrid:None EditorOnly:false RuntimeOnly:false HLODRelevant:false ListedInSceneOutliner:true IsMainWorldOnly:false FolderPath:Lighting FolderGuid:963EC3EB4002CCE9759E2EBA541A873A
 |   |   |- Guid:3A00AA1C422CE54C0BDB60BAF471BFBB NativeClass:/Script/Engine.PlayerStart Name:PlayerStart_0 Label:PlayerStart SpatiallyLoaded:false EditorBounds:IsValid=true, Min=(X=772.000 Y=982.000 Z=-35.987), Max=(X=1140.000 Y=1238.000 Z=220.013) RuntimeBounds:IsValid=true, Min=(X=860.000 Y=1070.000 Z=0.013), Max=(X=940.000 Y=1150.000 Z=184.013) RuntimeGrid:None EditorOnly:false RuntimeOnly:false HLODRelevant:false ListedInSceneOutliner:true IsMainWorldOnly:false
 |   |   |- Guid:416D52A04BF514D505449EBDCD161804 NativeClass:/Script/Engine.TriggerSphere Name:TriggerSphere_UAID_485F99B2BF9A533A02_1827656352 Label:TriggerSphere SpatiallyLoaded:true EditorBounds:IsValid=true, Min=(X=1970.000 Y=30.000 Z=-300.000), Max=(X=2770.000 Y=830.000 Z=500.000) RuntimeBounds:IsValid=true, Min=(X=1970.000 Y=30.000 Z=-300.000), Max=(X=2770.000 Y=830.000 Z=500.000) RuntimeGrid:None EditorOnly:false RuntimeOnly:false HLODRelevant:false ListedInSceneOutliner:true IsMainWorldOnly:false
 |   |   |- Guid:463894694656F1E7940DDCA8E7E24181 NativeClass:/Script/Engine.StaticMeshActor Name:StaticMeshActor_UAID_485F99B2BF9A233A02_1756949903 Label:ChristmasTreeSketchfab3 SpatiallyLoaded:true EditorBounds:IsValid=true, Min=(X=1620.000 Y=2760.000 Z=-70.000), Max=(X=1620.000 Y=2760.000 Z=-70.000) RuntimeBounds:IsValid=true, Min=(X=1620.000 Y=2760.000 Z=-70.000), Max=(X=1620.000 Y=2760.000 Z=-70.000) RuntimeGrid:None EditorOnly:false RuntimeOnly:false HLODRelevant:false ListedInSceneOutliner:true IsMainWorldOnly:false
 |   |   |- Guid:4D3BE93F4146AAAC8BBE79999D96D57F NativeClass:/Script/Engine.VolumetricCloud Name:VolumetricCloud_0 Label:VolumetricCloud SpatiallyLoaded:false EditorBounds:IsValid=true, Min=(X=-128.000 Y=-128.000 Z=692.000), Max=(X=128.000 Y=128.000 Z=948.000) RuntimeBounds:IsValid=true, Min=(X=0.000 Y=0.000 Z=820.000), Max=(X=0.000 Y=0.000 Z=820.000) RuntimeGrid:None EditorOnly:false RuntimeOnly:false HLODRelevant:false ListedInSceneOutliner:true IsMainWorldOnly:false FolderPath:Lighting FolderGuid:963EC3EB4002CCE9759E2EBA541A873A
 |   |   |- Guid:50B4F3B748E3FA1F3F851DBFFC5F67A2 BaseClass:/Game/Assets/BP_Gift_Object.BP_Gift_Object_C NativeClass:/Script/Engine.Actor Name:BP_Gift_Object_C_UAID_485F99B2BF9A593A02_1538923407 Label:BP_Gift_Object2 SpatiallyLoaded:true EditorBounds:IsValid=true, Min=(X=2195.779 Y=476.609 Z=8.334), Max=(X=2273.373 Y=553.439 Z=128.612) RuntimeBounds:IsValid=true, Min=(X=2195.779 Y=476.609 Z=8.334), Max=(X=2273.373 Y=553.439 Z=128.612) RuntimeGrid:None EditorOnly:false RuntimeOnly:false HLODRelevant:false ListedInSceneOutliner:true IsMainWorldOnly:false
 |   |   |- Guid:548C7FBC4276369DD17705B1B8C5B158 NativeClass:/Script/Landscape.LandscapeStreamingProxy Name:LandscapeStreamingProxy_0G55VDTI2WNNUTL0PHXSBCKHG_126_2_1_0 Label:LandscapeStreamingProxy_2_1_0 SpatiallyLoaded:true EditorBounds:IsValid=true, Min=(X=0.000 Y=-12600.000 Z=-100.000), Max=(X=12600.000 Y=0.000 Z=2423.438) RuntimeBounds:IsValid=true, Min=(X=0.000 Y=-12600.000 Z=-100.000), Max=(X=12600.000 Y=0.000 Z=2423.438) RuntimeGrid:None EditorOnly:false RuntimeOnly:false HLODRelevant:true ListedInSceneOutliner:true IsMainWorldOnly:false
 |   |   |- Guid:6BAF4DDD444C60371492D3919DB42C97 NativeClass:/Script/Engine.WorldDataLayers Name:WorldDataLayers Label:WorldDataLayers SpatiallyLoaded:false EditorBounds:IsValid=false, Min=(X=0.000 Y=0.000 Z=0.000), Max=(X=0.000 Y=0.000 Z=0.000) RuntimeBounds:IsValid=false, Min=(X=0.000 Y=0.000 Z=0.000), Max=(X=0.000 Y=0.000 Z=0.000) RuntimeGrid:None EditorOnly:false RuntimeOnly:false HLODRelevant:false ListedInSceneOutliner:true IsMainWorldOnly:true
 |   |   |- Guid:73D5DFF842CAB471490B6D9D995A83A5 NativeClass:/Script/Engine.StaticMeshActor Name:StaticMeshActor_UAID_485F99B2BF9A233A02_1795478904 Label:ChristmasTreeSketchfab4 SpatiallyLoaded:true EditorBounds:IsValid=true, Min=(X=2236.238 Y=344.268 Z=-19.992), Max=(X=2503.762 Y=615.104 Z=444.750) RuntimeBounds:IsValid=true, Min=(X=2236.238 Y=344.268 Z=-19.992), Max=(X=2503.762 Y=615.104 Z=444.750) RuntimeGrid:None EditorOnly:false RuntimeOnly:false HLODRelevant:true ListedInSceneOutliner:true IsMainWorldOnly:false
 |   |   |- Guid:81EE63B94A73D4DE244D8EBB528EE97F NativeClass:/Script/Landscape.LandscapeStreamingProxy Name:LandscapeStreamingProxy_0G55VDTI2WNNUTL0PHXSBCKHG_126_3_1_0 Label:LandscapeStreamingProxy_3_1_0 SpatiallyLoaded:true EditorBounds:IsValid=true, Min=(X=12600.000 Y=-12600.000 Z=-100.000), Max=(X=25200.000 Y=0.000 Z=114.844) RuntimeBounds:IsValid=true, Min=(X=12600.000 Y=-12600.000 Z=-100.000), Max=(X=25200.000 Y=0.000 Z=114.844) RuntimeGrid:None EditorOnly:false RuntimeOnly:false HLODRelevant:true ListedInSceneOutliner:true IsMainWorldOnly:false
 |   |   |- Guid:936240EE454535A3FEB2D9836ADC8B0E NativeClass:/Script/Landscape.LandscapeStreamingProxy Name:LandscapeStreamingProxy_0G55VDTI2WNNUTL0PHXSBCKHG_126_2_2_0 Label:LandscapeStreamingProxy_2_2_0 SpatiallyLoaded:true EditorBounds:IsValid=true, Min=(X=0.000 Y=0.000 Z=-4.688), Max=(X=12600.000 Y=12600.000 Z=1517.188) RuntimeBounds:IsValid=true, Min=(X=0.000 Y=0.000 Z=-4.688), Max=(X=12600.000 Y=12600.000 Z=1517.188) RuntimeGrid:None EditorOnly:false RuntimeOnly:false HLODRelevant:true ListedInSceneOutliner:true IsMainWorldOnly:false
 |   |   |- Guid:9F7E79CC42D6AF728F92DDBA7E3E0E21 NativeClass:/Script/Landscape.LandscapeStreamingProxy Name:LandscapeStreamingProxy_0G55VDTI2WNNUTL0PHXSBCKHG_126_3_3_0 Label:LandscapeStreamingProxy_3_3_0 SpatiallyLoaded:true EditorBounds:IsValid=true, Min=(X=12600.000 Y=12600.000 Z=-100.000), Max=(X=25200.000 Y=25200.000 Z=100.000) RuntimeBounds:IsValid=true, Min=(X=12600.000 Y=12600.000 Z=-100.000), Max=(X=25200.000 Y=25200.000 Z=100.000) RuntimeGrid:None EditorOnly:false RuntimeOnly:false HLODRelevant:true ListedInSceneOutliner:true IsMainWorldOnly:false
 |   |   |- Guid:AC8F7F444D0EBF6F8BB4C69744EA81DD BaseClass:/Game/B_Pressure_Plate.B_Pressure_Plate_C NativeClass:/Script/Engine.Actor Name:B_Pressure_Plate_C_UAID_485F99B2BF9A553A02_1131967706 Label:B_Pressure_Plate SpatiallyLoaded:true EditorBounds:IsValid=true, Min=(X=1530.000 Y=1960.000 Z=-5.000), Max=(X=1630.000 Y=2060.000 Z=36.000) RuntimeBounds:IsValid=true, Min=(X=1530.000 Y=1960.000 Z=-5.000), Max=(X=1630.000 Y=2060.000 Z=36.000) RuntimeGrid:None EditorOnly:false RuntimeOnly:false HLODRelevant:false ListedInSceneOutliner:true IsMainWorldOnly:false
 |   |   |- Guid:ADDEAFFC4D7D9D00442DF59CD82D2183 NativeClass:/Script/Landscape.Landscape Name:Landscape_UAID_485F99B2BF9A2A3A02_1716513145 Label:Landscape SpatiallyLoaded:false EditorBounds:IsValid=true, Min=(X=-25200.000 Y=-25200.000 Z=0.000), Max=(X=-25200.000 Y=-25200.000 Z=0.000) RuntimeBounds:IsValid=true, Min=(X=-25200.000 Y=-25200.000 Z=0.000), Max=(X=-25200.000 Y=-25200.000 Z=0.000) RuntimeGrid:None EditorOnly:false RuntimeOnly:false HLODRelevant:false ListedInSceneOutliner:true IsMainWorldOnly:false
 |   |   |- Guid:B785ED2844B84CFB91E7F39FE661CD99 NativeClass:/Script/Engine.DirectionalLight Name:DirectionalLight_0 Label:DirectionalLight SpatiallyLoaded:false EditorBounds:IsValid=false, Min=(X=0.000 Y=0.000 Z=0.000), Max=(X=0.000 Y=0.000 Z=0.000) RuntimeBounds:IsValid=false, Min=(X=0.000 Y=0.000 Z=0.000), Max=(X=0.000 Y=0.000 Z=0.000) RuntimeGrid:None EditorOnly:false RuntimeOnly:false HLODRelevant:false ListedInSceneOutliner:true IsMainWorldOnly:false FolderPath:Lighting FolderGuid:963EC3EB4002CCE9759E2EBA541A873A
 |   |   |- Guid:BBA15EB645460C0E10E1BAA00D891609 BaseClass:/Game/Assets/BP_Gift_Object.BP_Gift_Object_C NativeClass:/Script/Engine.Actor Name:BP_Gift_Object_C_UAID_485F99B2BF9A163A02_2097068627 Label:BP_Gift_Object SpatiallyLoaded:true EditorBounds:IsValid=true, Min=(X=2195.779 Y=286.609 Z=8.334), Max=(X=2273.373 Y=363.439 Z=128.612) RuntimeBounds:IsValid=true, Min=(X=2195.779 Y=286.609 Z=8.334), Max=(X=2273.373 Y=363.439 Z=128.612) RuntimeGrid:None EditorOnly:false RuntimeOnly:false HLODRelevant:false ListedInSceneOutliner:true IsMainWorldOnly:false
 |   |   |- Guid:C33466CE4C6AAB90BD84CD90B3277BB3 NativeClass:/Script/Landscape.LandscapeStreamingProxy Name:LandscapeStreamingProxy_0G55VDTI2WNNUTL0PHXSBCKHG_126_1_2_0 Label:LandscapeStreamingProxy_1_2_0 SpatiallyLoaded:true EditorBounds:IsValid=true, Min=(X=-12600.000 Y=0.000 Z=-100.000), Max=(X=0.000 Y=12600.000 Z=2403.906) RuntimeBounds:IsValid=true, Min=(X=-12600.000 Y=0.000 Z=-100.000), Max=(X=0.000 Y=12600.000 Z=2403.906) RuntimeGrid:None EditorOnly:false RuntimeOnly:false HLODRelevant:true ListedInSceneOutliner:true IsMainWorldOnly:false
 |   |   |- Guid:CCFF262C46EEFFDF319E7F9539CE697E NativeClass:/Script/Engine.SkyAtmosphere Name:SkyAtmosphere_0 Label:SkyAtmosphere SpatiallyLoaded:false EditorBounds:IsValid=true, Min=(X=-128.000 Y=-128.000 Z=892.000), Max=(X=240.000 Y=128.000 Z=1148.000) RuntimeBounds:IsValid=true, Min=(X=0.000 Y=0.000 Z=1020.000), Max=(X=0.000 Y=0.000 Z=1020.000) RuntimeGrid:None EditorOnly:false RuntimeOnly:false HLODRelevant:false ListedInSceneOutliner:true IsMainWorldOnly:false FolderPath:Lighting FolderGuid:963EC3EB4002CCE9759E2EBA541A873A
 |   |   |- Guid:D802105E479EF732C4AE9A87782C2415 BaseClass:/Game/AI/BB_AI_Character.BB_AI_Character_C NativeClass:/Script/Engine.Character Name:BB_AI_Character_C_UAID_485F99B2BF9A283A02_1646082785 Label:BB_AI_Character SpatiallyLoaded:true EditorBounds:IsValid=true, Min=(X=2086.000 Y=760.000 Z=120.000), Max=(X=2360.000 Y=920.000 Z=300.514) RuntimeBounds:IsValid=true, Min=(X=2086.000 Y=806.000 Z=120.000), Max=(X=2154.000 Y=874.000 Z=300.514) RuntimeGrid:None EditorOnly:false RuntimeOnly:false HLODRelevant:false ListedInSceneOutliner:true IsMainWorldOnly:false
 |   |   |- Guid:D9FBA9D5449642D8AD146C97DA3A261D BaseClass:/Game/B_Pressure_Plate.B_Pressure_Plate_C NativeClass:/Script/Engine.Actor Name:B_Pressure_Plate_C_UAID_485F99B2BF9A5A3A02_1963348586 Label:B_Pressure_Plate3 SpatiallyLoaded:true EditorBounds:IsValid=true, Min=(X=940.000 Y=1460.000 Z=-5.000), Max=(X=1040.000 Y=1560.000 Z=36.000) RuntimeBounds:IsValid=true, Min=(X=940.000 Y=1460.000 Z=-5.000), Max=(X=1040.000 Y=1560.000 Z=36.000) RuntimeGrid:None EditorOnly:false RuntimeOnly:false HLODRelevant:false ListedInSceneOutliner:true IsMainWorldOnly:false
 |   |   |- Guid:DFB00CF5485640B5DE72A28EED64D470 NativeClass:/Script/Landscape.LandscapeStreamingProxy Name:LandscapeStreamingProxy_0G55VDTI2WNNUTL0PHXSBCKHG_126_1_1_0 Label:LandscapeStreamingProxy_1_1_0 SpatiallyLoaded:true EditorBounds:IsValid=true, Min=(X=-12600.000 Y=-12600.000 Z=-100.000), Max=(X=0.000 Y=0.000 Z=2491.406) RuntimeBounds:IsValid=true, Min=(X=-12600.000 Y=-12600.000 Z=-100.000), Max=(X=0.000 Y=0.000 Z=2491.406) RuntimeGrid:None EditorOnly:false RuntimeOnly:false HLODRelevant:true ListedInSceneOutliner:true IsMainWorldOnly:false
 |   |   |- Guid:E20C61EC43833577DEA06F89BFA5B64E NativeClass:/Script/NavigationSystem.NavMeshBoundsVolume Name:NavMeshBoundsVolume_UAID_485F99B2BF9A2D3A02_1697179666 Label:NavMeshBoundsVolume SpatiallyLoaded:false EditorBounds:IsValid=true, Min=(X=-1030.000 Y=-1190.000 Z=-2260.000), Max=(X=3970.000 Y=3810.000 Z=2740.000) RuntimeBounds:IsValid=true, Min=(X=-1030.000 Y=-1190.000 Z=-2260.000), Max=(X=3970.000 Y=3810.000 Z=2740.000) RuntimeGrid:None EditorOnly:false RuntimeOnly:false HLODRelevant:false ListedInSceneOutliner:true IsMainWorldOnly:false
 |   |   |- Guid:EB399CD6421829930B691AB752DB77DD BaseClass:/Game/B_Gate.B_Gate_C NativeClass:/Script/Engine.Actor Name:B_Gate_C_UAID_485F99B2BF9A553A02_1492714707 Label:B_Gate SpatiallyLoaded:true EditorBounds:IsValid=true, Min=(X=1715.000 Y=1710.000 Z=-10.000), Max=(X=1725.000 Y=1810.000 Z=190.000) RuntimeBounds:IsValid=true, Min=(X=1715.000 Y=1710.000 Z=-10.000), Max=(X=1725.000 Y=1810.000 Z=190.000) RuntimeGrid:None EditorOnly:false RuntimeOnly:false HLODRelevant:false ListedInSceneOutliner:true IsMainWorldOnly:false
 |   |   |- Guid:EC4E0C944CE6AC6E784BC6BB2916EA13 NativeClass:/Script/Engine.StaticMeshActor Name:StaticMeshActor_UAID_A4AE111137DC5EFB00_1110535423 Label:SM_SkySphere SpatiallyLoaded:false EditorBounds:IsValid=true, Min=(X=-1638400.000 Y=-1638400.000 Z=-1638400.000), Max=(X=1638400.000 Y=1638400.000 Z=1638400.000) RuntimeBounds:IsValid=true, Min=(X=-1638400.000 Y=-1638400.000 Z=-1638400.000), Max=(X=1638400.000 Y=1638400.000 Z=1638400.000) RuntimeGrid:None EditorOnly:false RuntimeOnly:false HLODRelevant:false ListedInSceneOutliner:true IsMainWorldOnly:false FolderPath:Lighting FolderGuid:963EC3EB4002CCE9759E2EBA541A873A
 |   |   |- Guid:ED6E46384CE29A08D5F660934D606D2A NativeClass:/Script/Landscape.LandscapeStreamingProxy Name:LandscapeStreamingProxy_0G55VDTI2WNNUTL0PHXSBCKHG_126_2_3_0 Label:LandscapeStreamingProxy_2_3_0 SpatiallyLoaded:true EditorBounds:IsValid=true, Min=(X=0.000 Y=12600.000 Z=-100.000), Max=(X=12600.000 Y=25200.000 Z=100.000) RuntimeBounds:IsValid=true, Min=(X=0.000 Y=12600.000 Z=-100.000), Max=(X=12600.000 Y=25200.000 Z=100.000) RuntimeGrid:None EditorOnly:false RuntimeOnly:false HLODRelevant:true ListedInSceneOutliner:true IsMainWorldOnly:false
 |   |   |- Guid:F53ACFB14AA767F749080C89BF263B9F NativeClass:/Script/NavigationSystem.RecastNavMesh Name:RecastNavMesh_UAID_485F99B2BF9A2D3A02-Default Label:RecastNavMesh-Default SpatiallyLoaded:false EditorBounds:IsValid=true, Min=(X=0.000 Y=0.000 Z=0.000), Max=(X=0.000 Y=0.000 Z=0.000) RuntimeBounds:IsValid=true, Min=(X=0.000 Y=0.000 Z=0.000), Max=(X=0.000 Y=0.000 Z=0.000) RuntimeGrid:None EditorOnly:false RuntimeOnly:false HLODRelevant:false ListedInSceneOutliner:true IsMainWorldOnly:false
 |   |   |- Guid:F5E3FEB3450C49844FD93DA8E083C8AD NativeClass:/Script/Engine.PostProcessVolume Name:PostProcessVolume_0 Label:PostProcessVolume SpatiallyLoaded:false EditorBounds:IsValid=true, Min=(X=0.000 Y=0.000 Z=400.000), Max=(X=200.000 Y=200.000 Z=600.000) RuntimeBounds:IsValid=true, Min=(X=0.000 Y=0.000 Z=400.000), Max=(X=200.000 Y=200.000 Z=600.000) RuntimeGrid:None EditorOnly:false RuntimeOnly:false HLODRelevant:false ListedInSceneOutliner:true IsMainWorldOnly:false FolderPath:Lighting FolderGuid:963EC3EB4002CCE9759E2EBA541A873A
 |   |   |- Guid:F88FF09F4A398A8FFFC55D99EB4A86BA NativeClass:/Script/Landscape.LandscapeStreamingProxy Name:LandscapeStreamingProxy_0G55VDTI2WNNUTL0PHXSBCKHG_126_1_3_0 Label:LandscapeStreamingProxy_1_3_0 SpatiallyLoaded:true EditorBounds:IsValid=true, Min=(X=-12600.000 Y=12600.000 Z=-100.000), Max=(X=0.000 Y=25200.000 Z=100.000) RuntimeBounds:IsValid=true, Min=(X=-12600.000 Y=12600.000 Z=-100.000), Max=(X=0.000 Y=25200.000 Z=100.000) RuntimeGrid:None EditorOnly:false RuntimeOnly:false HLODRelevant:true ListedInSceneOutliner:true IsMainWorldOnly:false
 |   |   |- Guid:F8CB109846294E7A201CE5BD266629FD NativeClass:/Script/Engine.StaticMeshActor Name:StaticMeshActor_UAID_485F99B2BF9A1F3A02_1736890212 Label:ChristmasTreeSketchfab SpatiallyLoaded:true EditorBounds:IsValid=true, Min=(X=1030.000 Y=600.000 Z=60.000), Max=(X=1030.000 Y=600.000 Z=60.000) RuntimeBounds:IsValid=true, Min=(X=1030.000 Y=600.000 Z=60.000), Max=(X=1030.000 Y=600.000 Z=60.000) RuntimeGrid:None EditorOnly:false RuntimeOnly:false HLODRelevant:false ListedInSceneOutliner:true IsMainWorldOnly:false
 |   |- [+] Clusters:
 |   |   |- [+] [  0]
 |   |   |   |- Guid:008BAEDA4F5A733CD62071B9B81B5B1B BaseClass:/Game/B_Pressure_Plate.B_Pressure_Plate_C NativeClass:/Script/Engine.Actor Name:B_Pressure_Plate_C_UAID_485F99B2BF9A5A3A02_1955239585 Label:B_Pressure_Plate2 SpatiallyLoaded:true EditorBounds:IsValid=true, Min=(X=940.000 Y=1960.000 Z=-5.000), Max=(X=1040.000 Y=2060.000 Z=36.000) RuntimeBounds:IsValid=true, Min=(X=940.000 Y=1960.000 Z=-5.000), Max=(X=1040.000 Y=2060.000 Z=36.000) RuntimeGrid:None EditorOnly:false RuntimeOnly:false HLODRelevant:false ListedInSceneOutliner:true IsMainWorldOnly:false
 |   |   |   |- Guid:AC8F7F444D0EBF6F8BB4C69744EA81DD BaseClass:/Game/B_Pressure_Plate.B_Pressure_Plate_C NativeClass:/Script/Engine.Actor Name:B_Pressure_Plate_C_UAID_485F99B2BF9A553A02_1131967706 Label:B_Pressure_Plate SpatiallyLoaded:true EditorBounds:IsValid=true, Min=(X=1530.000 Y=1960.000 Z=-5.000), Max=(X=1630.000 Y=2060.000 Z=36.000) RuntimeBounds:IsValid=true, Min=(X=1530.000 Y=1960.000 Z=-5.000), Max=(X=1630.000 Y=2060.000 Z=36.000) RuntimeGrid:None EditorOnly:false RuntimeOnly:false HLODRelevant:false ListedInSceneOutliner:true IsMainWorldOnly:false
 |   |   |   |- Guid:D9FBA9D5449642D8AD146C97DA3A261D BaseClass:/Game/B_Pressure_Plate.B_Pressure_Plate_C NativeClass:/Script/Engine.Actor Name:B_Pressure_Plate_C_UAID_485F99B2BF9A5A3A02_1963348586 Label:B_Pressure_Plate3 SpatiallyLoaded:true EditorBounds:IsValid=true, Min=(X=940.000 Y=1460.000 Z=-5.000), Max=(X=1040.000 Y=1560.000 Z=36.000) RuntimeBounds:IsValid=true, Min=(X=940.000 Y=1460.000 Z=-5.000), Max=(X=1040.000 Y=1560.000 Z=36.000) RuntimeGrid:None EditorOnly:false RuntimeOnly:false HLODRelevant:false ListedInSceneOutliner:true IsMainWorldOnly:false
 |   |   |   |- Guid:EB399CD6421829930B691AB752DB77DD BaseClass:/Game/B_Gate.B_Gate_C NativeClass:/Script/Engine.Actor Name:B_Gate_C_UAID_485F99B2BF9A553A02_1492714707 Label:B_Gate SpatiallyLoaded:true EditorBounds:IsValid=true, Min=(X=1715.000 Y=1710.000 Z=-10.000), Max=(X=1725.000 Y=1810.000 Z=190.000) RuntimeBounds:IsValid=true, Min=(X=1715.000 Y=1710.000 Z=-10.000), Max=(X=1725.000 Y=1810.000 Z=190.000) RuntimeGrid:None EditorOnly:false RuntimeOnly:false HLODRelevant:false ListedInSceneOutliner:true IsMainWorldOnly:false
 |   |   |- [+] [  1]
 |   |   |   |- Guid:02002C2A4D77F4601D985096252BB4D4 NativeClass:/Script/Landscape.LandscapeStreamingProxy Name:LandscapeStreamingProxy_0G55VDTI2WNNUTL0PHXSBCKHG_126_3_2_0 Label:LandscapeStreamingProxy_3_2_0 SpatiallyLoaded:true EditorBounds:IsValid=true, Min=(X=12600.000 Y=0.000 Z=-100.000), Max=(X=25200.000 Y=12600.000 Z=100.000) RuntimeBounds:IsValid=true, Min=(X=12600.000 Y=0.000 Z=-100.000), Max=(X=25200.000 Y=12600.000 Z=100.000) RuntimeGrid:None EditorOnly:false RuntimeOnly:false HLODRelevant:true ListedInSceneOutliner:true IsMainWorldOnly:false
 |   |   |- [+] [  2]
 |   |   |   |- Guid:1AFC863D41EA328CF820AF8F9A883D1E BaseClass:/Game/Assets/BP_Gift_Object.BP_Gift_Object_C NativeClass:/Script/Engine.Actor Name:BP_Gift_Object_C_UAID_485F99B2BF9A593A02_1544017408 Label:BP_Gift_Object3 SpatiallyLoaded:true EditorBounds:IsValid=true, Min=(X=2475.779 Y=576.609 Z=8.334), Max=(X=2553.373 Y=653.439 Z=128.612) RuntimeBounds:IsValid=true, Min=(X=2475.779 Y=576.609 Z=8.334), Max=(X=2553.373 Y=653.439 Z=128.612) RuntimeGrid:None EditorOnly:false RuntimeOnly:false HLODRelevant:false ListedInSceneOutliner:true IsMainWorldOnly:false
 |   |   |- [+] [  3]
 |   |   |   |- Guid:2FB58999456391D349DC0F86DAC136ED NativeClass:/Script/Engine.SkyLight Name:SkyLight_1 Label:SkyLight SpatiallyLoaded:false EditorBounds:IsValid=true, Min=(X=-1.000 Y=-1.000 Z=-1.000), Max=(X=1.000 Y=1.000 Z=690.000) RuntimeBounds:IsValid=true, Min=(X=0.000 Y=0.000 Z=690.000), Max=(X=0.000 Y=0.000 Z=690.000) RuntimeGrid:None EditorOnly:false RuntimeOnly:false HLODRelevant:false ListedInSceneOutliner:true IsMainWorldOnly:false FolderPath:Lighting FolderGuid:963EC3EB4002CCE9759E2EBA541A873A
 |   |   |- [+] [  4]
 |   |   |   |- Guid:316CF2A6494ACA4C0E4180A87D36AB8F NativeClass:/Script/Engine.ExponentialHeightFog Name:ExponentialHeightFog_0 Label:ExponentialHeightFog SpatiallyLoaded:false EditorBounds:IsValid=true, Min=(X=-5728.000 Y=-178.000 Z=-6978.000), Max=(X=-5472.000 Y=78.000 Z=-6722.000) RuntimeBounds:IsValid=true, Min=(X=-5600.000 Y=-50.000 Z=-6850.000), Max=(X=-5600.000 Y=-50.000 Z=-6850.000) RuntimeGrid:None EditorOnly:false RuntimeOnly:false HLODRelevant:false ListedInSceneOutliner:true IsMainWorldOnly:false FolderPath:Lighting FolderGuid:963EC3EB4002CCE9759E2EBA541A873A
 |   |   |- [+] [  5]
 |   |   |   |- Guid:3A00AA1C422CE54C0BDB60BAF471BFBB NativeClass:/Script/Engine.PlayerStart Name:PlayerStart_0 Label:PlayerStart SpatiallyLoaded:false EditorBounds:IsValid=true, Min=(X=772.000 Y=982.000 Z=-35.987), Max=(X=1140.000 Y=1238.000 Z=220.013) RuntimeBounds:IsValid=true, Min=(X=860.000 Y=1070.000 Z=0.013), Max=(X=940.000 Y=1150.000 Z=184.013) RuntimeGrid:None EditorOnly:false RuntimeOnly:false HLODRelevant:false ListedInSceneOutliner:true IsMainWorldOnly:false
 |   |   |- [+] [  6]
 |   |   |   |- Guid:416D52A04BF514D505449EBDCD161804 NativeClass:/Script/Engine.TriggerSphere Name:TriggerSphere_UAID_485F99B2BF9A533A02_1827656352 Label:TriggerSphere SpatiallyLoaded:true EditorBounds:IsValid=true, Min=(X=1970.000 Y=30.000 Z=-300.000), Max=(X=2770.000 Y=830.000 Z=500.000) RuntimeBounds:IsValid=true, Min=(X=1970.000 Y=30.000 Z=-300.000), Max=(X=2770.000 Y=830.000 Z=500.000) RuntimeGrid:None EditorOnly:false RuntimeOnly:false HLODRelevant:false ListedInSceneOutliner:true IsMainWorldOnly:false
 |   |   |- [+] [  7]
 |   |   |   |- Guid:463894694656F1E7940DDCA8E7E24181 NativeClass:/Script/Engine.StaticMeshActor Name:StaticMeshActor_UAID_485F99B2BF9A233A02_1756949903 Label:ChristmasTreeSketchfab3 SpatiallyLoaded:true EditorBounds:IsValid=true, Min=(X=1620.000 Y=2760.000 Z=-70.000), Max=(X=1620.000 Y=2760.000 Z=-70.000) RuntimeBounds:IsValid=true, Min=(X=1620.000 Y=2760.000 Z=-70.000), Max=(X=1620.000 Y=2760.000 Z=-70.000) RuntimeGrid:None EditorOnly:false RuntimeOnly:false HLODRelevant:false ListedInSceneOutliner:true IsMainWorldOnly:false
 |   |   |- [+] [  8]
 |   |   |   |- Guid:4D3BE93F4146AAAC8BBE79999D96D57F NativeClass:/Script/Engine.VolumetricCloud Name:VolumetricCloud_0 Label:VolumetricCloud SpatiallyLoaded:false EditorBounds:IsValid=true, Min=(X=-128.000 Y=-128.000 Z=692.000), Max=(X=128.000 Y=128.000 Z=948.000) RuntimeBounds:IsValid=true, Min=(X=0.000 Y=0.000 Z=820.000), Max=(X=0.000 Y=0.000 Z=820.000) RuntimeGrid:None EditorOnly:false RuntimeOnly:false HLODRelevant:false ListedInSceneOutliner:true IsMainWorldOnly:false FolderPath:Lighting FolderGuid:963EC3EB4002CCE9759E2EBA541A873A
 |   |   |- [+] [  9]
 |   |   |   |- Guid:50B4F3B748E3FA1F3F851DBFFC5F67A2 BaseClass:/Game/Assets/BP_Gift_Object.BP_Gift_Object_C NativeClass:/Script/Engine.Actor Name:BP_Gift_Object_C_UAID_485F99B2BF9A593A02_1538923407 Label:BP_Gift_Object2 SpatiallyLoaded:true EditorBounds:IsValid=true, Min=(X=2195.779 Y=476.609 Z=8.334), Max=(X=2273.373 Y=553.439 Z=128.612) RuntimeBounds:IsValid=true, Min=(X=2195.779 Y=476.609 Z=8.334), Max=(X=2273.373 Y=553.439 Z=128.612) RuntimeGrid:None EditorOnly:false RuntimeOnly:false HLODRelevant:false ListedInSceneOutliner:true IsMainWorldOnly:false
 |   |   |- [+] [ 10]
 |   |   |   |- Guid:548C7FBC4276369DD17705B1B8C5B158 NativeClass:/Script/Landscape.LandscapeStreamingProxy Name:LandscapeStreamingProxy_0G55VDTI2WNNUTL0PHXSBCKHG_126_2_1_0 Label:LandscapeStreamingProxy_2_1_0 SpatiallyLoaded:true EditorBounds:IsValid=true, Min=(X=0.000 Y=-12600.000 Z=-100.000), Max=(X=12600.000 Y=0.000 Z=2423.438) RuntimeBounds:IsValid=true, Min=(X=0.000 Y=-12600.000 Z=-100.000), Max=(X=12600.000 Y=0.000 Z=2423.438) RuntimeGrid:None EditorOnly:false RuntimeOnly:false HLODRelevant:true ListedInSceneOutliner:true IsMainWorldOnly:false
 |   |   |- [+] [ 11]
 |   |   |   |- Guid:6BAF4DDD444C60371492D3919DB42C97 NativeClass:/Script/Engine.WorldDataLayers Name:WorldDataLayers Label:WorldDataLayers SpatiallyLoaded:false EditorBounds:IsValid=false, Min=(X=0.000 Y=0.000 Z=0.000), Max=(X=0.000 Y=0.000 Z=0.000) RuntimeBounds:IsValid=false, Min=(X=0.000 Y=0.000 Z=0.000), Max=(X=0.000 Y=0.000 Z=0.000) RuntimeGrid:None EditorOnly:false RuntimeOnly:false HLODRelevant:false ListedInSceneOutliner:true IsMainWorldOnly:true
 |   |   |- [+] [ 12]
 |   |   |   |- Guid:73D5DFF842CAB471490B6D9D995A83A5 NativeClass:/Script/Engine.StaticMeshActor Name:StaticMeshActor_UAID_485F99B2BF9A233A02_1795478904 Label:ChristmasTreeSketchfab4 SpatiallyLoaded:true EditorBounds:IsValid=true, Min=(X=2236.238 Y=344.268 Z=-19.992), Max=(X=2503.762 Y=615.104 Z=444.750) RuntimeBounds:IsValid=true, Min=(X=2236.238 Y=344.268 Z=-19.992), Max=(X=2503.762 Y=615.104 Z=444.750) RuntimeGrid:None EditorOnly:false RuntimeOnly:false HLODRelevant:true ListedInSceneOutliner:true IsMainWorldOnly:false
 |   |   |- [+] [ 13]
 |   |   |   |- Guid:81EE63B94A73D4DE244D8EBB528EE97F NativeClass:/Script/Landscape.LandscapeStreamingProxy Name:LandscapeStreamingProxy_0G55VDTI2WNNUTL0PHXSBCKHG_126_3_1_0 Label:LandscapeStreamingProxy_3_1_0 SpatiallyLoaded:true EditorBounds:IsValid=true, Min=(X=12600.000 Y=-12600.000 Z=-100.000), Max=(X=25200.000 Y=0.000 Z=114.844) RuntimeBounds:IsValid=true, Min=(X=12600.000 Y=-12600.000 Z=-100.000), Max=(X=25200.000 Y=0.000 Z=114.844) RuntimeGrid:None EditorOnly:false RuntimeOnly:false HLODRelevant:true ListedInSceneOutliner:true IsMainWorldOnly:false
 |   |   |- [+] [ 14]
 |   |   |   |- Guid:936240EE454535A3FEB2D9836ADC8B0E NativeClass:/Script/Landscape.LandscapeStreamingProxy Name:LandscapeStreamingProxy_0G55VDTI2WNNUTL0PHXSBCKHG_126_2_2_0 Label:LandscapeStreamingProxy_2_2_0 SpatiallyLoaded:true EditorBounds:IsValid=true, Min=(X=0.000 Y=0.000 Z=-4.688), Max=(X=12600.000 Y=12600.000 Z=1517.188) RuntimeBounds:IsValid=true, Min=(X=0.000 Y=0.000 Z=-4.688), Max=(X=12600.000 Y=12600.000 Z=1517.188) RuntimeGrid:None EditorOnly:false RuntimeOnly:false HLODRelevant:true ListedInSceneOutliner:true IsMainWorldOnly:false
 |   |   |- [+] [ 15]
 |   |   |   |- Guid:9F7E79CC42D6AF728F92DDBA7E3E0E21 NativeClass:/Script/Landscape.LandscapeStreamingProxy Name:LandscapeStreamingProxy_0G55VDTI2WNNUTL0PHXSBCKHG_126_3_3_0 Label:LandscapeStreamingProxy_3_3_0 SpatiallyLoaded:true EditorBounds:IsValid=true, Min=(X=12600.000 Y=12600.000 Z=-100.000), Max=(X=25200.000 Y=25200.000 Z=100.000) RuntimeBounds:IsValid=true, Min=(X=12600.000 Y=12600.000 Z=-100.000), Max=(X=25200.000 Y=25200.000 Z=100.000) RuntimeGrid:None EditorOnly:false RuntimeOnly:false HLODRelevant:true ListedInSceneOutliner:true IsMainWorldOnly:false
 |   |   |- [+] [ 16]
 |   |   |   |- Guid:ADDEAFFC4D7D9D00442DF59CD82D2183 NativeClass:/Script/Landscape.Landscape Name:Landscape_UAID_485F99B2BF9A2A3A02_1716513145 Label:Landscape SpatiallyLoaded:false EditorBounds:IsValid=true, Min=(X=-25200.000 Y=-25200.000 Z=0.000), Max=(X=-25200.000 Y=-25200.000 Z=0.000) RuntimeBounds:IsValid=true, Min=(X=-25200.000 Y=-25200.000 Z=0.000), Max=(X=-25200.000 Y=-25200.000 Z=0.000) RuntimeGrid:None EditorOnly:false RuntimeOnly:false HLODRelevant:false ListedInSceneOutliner:true IsMainWorldOnly:false
 |   |   |- [+] [ 17]
 |   |   |   |- Guid:B785ED2844B84CFB91E7F39FE661CD99 NativeClass:/Script/Engine.DirectionalLight Name:DirectionalLight_0 Label:DirectionalLight SpatiallyLoaded:false EditorBounds:IsValid=false, Min=(X=0.000 Y=0.000 Z=0.000), Max=(X=0.000 Y=0.000 Z=0.000) RuntimeBounds:IsValid=false, Min=(X=0.000 Y=0.000 Z=0.000), Max=(X=0.000 Y=0.000 Z=0.000) RuntimeGrid:None EditorOnly:false RuntimeOnly:false HLODRelevant:false ListedInSceneOutliner:true IsMainWorldOnly:false FolderPath:Lighting FolderGuid:963EC3EB4002CCE9759E2EBA541A873A
 |   |   |- [+] [ 18]
 |   |   |   |- Guid:BBA15EB645460C0E10E1BAA00D891609 BaseClass:/Game/Assets/BP_Gift_Object.BP_Gift_Object_C NativeClass:/Script/Engine.Actor Name:BP_Gift_Object_C_UAID_485F99B2BF9A163A02_2097068627 Label:BP_Gift_Object SpatiallyLoaded:true EditorBounds:IsValid=true, Min=(X=2195.779 Y=286.609 Z=8.334), Max=(X=2273.373 Y=363.439 Z=128.612) RuntimeBounds:IsValid=true, Min=(X=2195.779 Y=286.609 Z=8.334), Max=(X=2273.373 Y=363.439 Z=128.612) RuntimeGrid:None EditorOnly:false RuntimeOnly:false HLODRelevant:false ListedInSceneOutliner:true IsMainWorldOnly:false
 |   |   |- [+] [ 19]
 |   |   |   |- Guid:C33466CE4C6AAB90BD84CD90B3277BB3 NativeClass:/Script/Landscape.LandscapeStreamingProxy Name:LandscapeStreamingProxy_0G55VDTI2WNNUTL0PHXSBCKHG_126_1_2_0 Label:LandscapeStreamingProxy_1_2_0 SpatiallyLoaded:true EditorBounds:IsValid=true, Min=(X=-12600.000 Y=0.000 Z=-100.000), Max=(X=0.000 Y=12600.000 Z=2403.906) RuntimeBounds:IsValid=true, Min=(X=-12600.000 Y=0.000 Z=-100.000), Max=(X=0.000 Y=12600.000 Z=2403.906) RuntimeGrid:None EditorOnly:false RuntimeOnly:false HLODRelevant:true ListedInSceneOutliner:true IsMainWorldOnly:false
 |   |   |- [+] [ 20]
 |   |   |   |- Guid:CCFF262C46EEFFDF319E7F9539CE697E NativeClass:/Script/Engine.SkyAtmosphere Name:SkyAtmosphere_0 Label:SkyAtmosphere SpatiallyLoaded:false EditorBounds:IsValid=true, Min=(X=-128.000 Y=-128.000 Z=892.000), Max=(X=240.000 Y=128.000 Z=1148.000) RuntimeBounds:IsValid=true, Min=(X=0.000 Y=0.000 Z=1020.000), Max=(X=0.000 Y=0.000 Z=1020.000) RuntimeGrid:None EditorOnly:false RuntimeOnly:false HLODRelevant:false ListedInSceneOutliner:true IsMainWorldOnly:false FolderPath:Lighting FolderGuid:963EC3EB4002CCE9759E2EBA541A873A
 |   |   |- [+] [ 21]
 |   |   |   |- Guid:D802105E479EF732C4AE9A87782C2415 BaseClass:/Game/AI/BB_AI_Character.BB_AI_Character_C NativeClass:/Script/Engine.Character Name:BB_AI_Character_C_UAID_485F99B2BF9A283A02_1646082785 Label:BB_AI_Character SpatiallyLoaded:true EditorBounds:IsValid=true, Min=(X=2086.000 Y=760.000 Z=120.000), Max=(X=2360.000 Y=920.000 Z=300.514) RuntimeBounds:IsValid=true, Min=(X=2086.000 Y=806.000 Z=120.000), Max=(X=2154.000 Y=874.000 Z=300.514) RuntimeGrid:None EditorOnly:false RuntimeOnly:false HLODRelevant:false ListedInSceneOutliner:true IsMainWorldOnly:false
 |   |   |- [+] [ 22]
 |   |   |   |- Guid:DFB00CF5485640B5DE72A28EED64D470 NativeClass:/Script/Landscape.LandscapeStreamingProxy Name:LandscapeStreamingProxy_0G55VDTI2WNNUTL0PHXSBCKHG_126_1_1_0 Label:LandscapeStreamingProxy_1_1_0 SpatiallyLoaded:true EditorBounds:IsValid=true, Min=(X=-12600.000 Y=-12600.000 Z=-100.000), Max=(X=0.000 Y=0.000 Z=2491.406) RuntimeBounds:IsValid=true, Min=(X=-12600.000 Y=-12600.000 Z=-100.000), Max=(X=0.000 Y=0.000 Z=2491.406) RuntimeGrid:None EditorOnly:false RuntimeOnly:false HLODRelevant:true ListedInSceneOutliner:true IsMainWorldOnly:false
 |   |   |- [+] [ 23]
 |   |   |   |- Guid:E20C61EC43833577DEA06F89BFA5B64E NativeClass:/Script/NavigationSystem.NavMeshBoundsVolume Name:NavMeshBoundsVolume_UAID_485F99B2BF9A2D3A02_1697179666 Label:NavMeshBoundsVolume SpatiallyLoaded:false EditorBounds:IsValid=true, Min=(X=-1030.000 Y=-1190.000 Z=-2260.000), Max=(X=3970.000 Y=3810.000 Z=2740.000) RuntimeBounds:IsValid=true, Min=(X=-1030.000 Y=-1190.000 Z=-2260.000), Max=(X=3970.000 Y=3810.000 Z=2740.000) RuntimeGrid:None EditorOnly:false RuntimeOnly:false HLODRelevant:false ListedInSceneOutliner:true IsMainWorldOnly:false
 |   |   |- [+] [ 24]
 |   |   |   |- Guid:EC4E0C944CE6AC6E784BC6BB2916EA13 NativeClass:/Script/Engine.StaticMeshActor Name:StaticMeshActor_UAID_A4AE111137DC5EFB00_1110535423 Label:SM_SkySphere SpatiallyLoaded:false EditorBounds:IsValid=true, Min=(X=-1638400.000 Y=-1638400.000 Z=-1638400.000), Max=(X=1638400.000 Y=1638400.000 Z=1638400.000) RuntimeBounds:IsValid=true, Min=(X=-1638400.000 Y=-1638400.000 Z=-1638400.000), Max=(X=1638400.000 Y=1638400.000 Z=1638400.000) RuntimeGrid:None EditorOnly:false RuntimeOnly:false HLODRelevant:false ListedInSceneOutliner:true IsMainWorldOnly:false FolderPath:Lighting FolderGuid:963EC3EB4002CCE9759E2EBA541A873A
 |   |   |- [+] [ 25]
 |   |   |   |- Guid:ED6E46384CE29A08D5F660934D606D2A NativeClass:/Script/Landscape.LandscapeStreamingProxy Name:LandscapeStreamingProxy_0G55VDTI2WNNUTL0PHXSBCKHG_126_2_3_0 Label:LandscapeStreamingProxy_2_3_0 SpatiallyLoaded:true EditorBounds:IsValid=true, Min=(X=0.000 Y=12600.000 Z=-100.000), Max=(X=12600.000 Y=25200.000 Z=100.000) RuntimeBounds:IsValid=true, Min=(X=0.000 Y=12600.000 Z=-100.000), Max=(X=12600.000 Y=25200.000 Z=100.000) RuntimeGrid:None EditorOnly:false RuntimeOnly:false HLODRelevant:true ListedInSceneOutliner:true IsMainWorldOnly:false
 |   |   |- [+] [ 26]
 |   |   |   |- Guid:F53ACFB14AA767F749080C89BF263B9F NativeClass:/Script/NavigationSystem.RecastNavMesh Name:RecastNavMesh_UAID_485F99B2BF9A2D3A02-Default Label:RecastNavMesh-Default SpatiallyLoaded:false EditorBounds:IsValid=true, Min=(X=0.000 Y=0.000 Z=0.000), Max=(X=0.000 Y=0.000 Z=0.000) RuntimeBounds:IsValid=true, Min=(X=0.000 Y=0.000 Z=0.000), Max=(X=0.000 Y=0.000 Z=0.000) RuntimeGrid:None EditorOnly:false RuntimeOnly:false HLODRelevant:false ListedInSceneOutliner:true IsMainWorldOnly:false
 |   |   |- [+] [ 27]
 |   |   |   |- Guid:F5E3FEB3450C49844FD93DA8E083C8AD NativeClass:/Script/Engine.PostProcessVolume Name:PostProcessVolume_0 Label:PostProcessVolume SpatiallyLoaded:false EditorBounds:IsValid=true, Min=(X=0.000 Y=0.000 Z=400.000), Max=(X=200.000 Y=200.000 Z=600.000) RuntimeBounds:IsValid=true, Min=(X=0.000 Y=0.000 Z=400.000), Max=(X=200.000 Y=200.000 Z=600.000) RuntimeGrid:None EditorOnly:false RuntimeOnly:false HLODRelevant:false ListedInSceneOutliner:true IsMainWorldOnly:false FolderPath:Lighting FolderGuid:963EC3EB4002CCE9759E2EBA541A873A
 |   |   |- [+] [ 28]
 |   |   |   |- Guid:F88FF09F4A398A8FFFC55D99EB4A86BA NativeClass:/Script/Landscape.LandscapeStreamingProxy Name:LandscapeStreamingProxy_0G55VDTI2WNNUTL0PHXSBCKHG_126_1_3_0 Label:LandscapeStreamingProxy_1_3_0 SpatiallyLoaded:true EditorBounds:IsValid=true, Min=(X=-12600.000 Y=12600.000 Z=-100.000), Max=(X=0.000 Y=25200.000 Z=100.000) RuntimeBounds:IsValid=true, Min=(X=-12600.000 Y=12600.000 Z=-100.000), Max=(X=0.000 Y=25200.000 Z=100.000) RuntimeGrid:None EditorOnly:false RuntimeOnly:false HLODRelevant:true ListedInSceneOutliner:true IsMainWorldOnly:false
 |   |   |- [+] [ 29]
 |   |   |   |- Guid:F8CB109846294E7A201CE5BD266629FD NativeClass:/Script/Engine.StaticMeshActor Name:StaticMeshActor_UAID_485F99B2BF9A1F3A02_1736890212 Label:ChristmasTreeSketchfab SpatiallyLoaded:true EditorBounds:IsValid=true, Min=(X=1030.000 Y=600.000 Z=60.000), Max=(X=1030.000 Y=600.000 Z=60.000) RuntimeBounds:IsValid=true, Min=(X=1030.000 Y=600.000 Z=60.000), Max=(X=1030.000 Y=600.000 Z=60.000) RuntimeGrid:None EditorOnly:false RuntimeOnly:false HLODRelevant:false ListedInSceneOutliner:true IsMainWorldOnly:false
 |- ContainerInstances:
 |- [+] MainContainer:
 |   |-        ID: 00000000000000000000000000000000
 |   |-  ParentID: 00000000000000000000000000000000
 |   |-    Bounds: IsValid=false, Min=(X=0.000 Y=0.000 Z=0.000), Max=(X=0.000 Y=0.000 Z=0.000)
 |   |- Transform: 0.000000,0.000000,0.000000|0.000000,0.000000,-0.000000|1.000000,1.000000,1.000000
 |   |- Container: /Game/ThirdPerson/Maps/Main
----------------------------------------------------------------------------------------------------------------
Main - Persistent Level
----------------------------------------------------------------------------------------------------------------
[+] Content of Main Persistent Level
 |- Always loaded Actor Count: 33 
 |- Actor Path: /Game/ThirdPerson/Maps/Main.Main:PersistentLevel.B_Gate_C_UAID_485F99B2BF9A553A02_1492714707
 |- Actor Package: /Game/__ExternalActors__/ThirdPerson/Maps/Main/C/50/65SCZLJHKR0HIEAG5F4DE6
 |- Actor Path: /Game/ThirdPerson/Maps/Main.Main:PersistentLevel.B_Pressure_Plate_C_UAID_485F99B2BF9A553A02_1131967706
 |- Actor Package: /Game/__ExternalActors__/ThirdPerson/Maps/Main/1/QZ/L1O5CS2XYKD5KADD2FO5ZH
 |- Actor Path: /Game/ThirdPerson/Maps/Main.Main:PersistentLevel.B_Pressure_Plate_C_UAID_485F99B2BF9A5A3A02_1955239585
 |- Actor Package: /Game/__ExternalActors__/ThirdPerson/Maps/Main/4/35/9X9VJF8C3JB28DNO16XYR5
 |- Actor Path: /Game/ThirdPerson/Maps/Main.Main:PersistentLevel.B_Pressure_Plate_C_UAID_485F99B2BF9A5A3A02_1963348586
 |- Actor Package: /Game/__ExternalActors__/ThirdPerson/Maps/Main/B/X2/PYXFOMMRTJ1AU798I17B4F
 |- Actor Path: /Game/ThirdPerson/Maps/Main.Main:PersistentLevel.BB_AI_Character_C_UAID_485F99B2BF9A283A02_1646082785
 |- Actor Package: /Game/__ExternalActors__/ThirdPerson/Maps/Main/4/NO/NJ69HO0EVHDKYKYF5PLL3C
 |- Actor Path: /Game/ThirdPerson/Maps/Main.Main:PersistentLevel.BP_Gift_Object_C_UAID_485F99B2BF9A163A02_2097068627
 |- Actor Package: /Game/__ExternalActors__/ThirdPerson/Maps/Main/D/EU/GVAL54OWQLFNBXHBW76BX9
 |- Actor Path: /Game/ThirdPerson/Maps/Main.Main:PersistentLevel.BP_Gift_Object_C_UAID_485F99B2BF9A593A02_1538923407
 |- Actor Package: /Game/__ExternalActors__/ThirdPerson/Maps/Main/C/7I/FQ30W3X12OBVZJ6H0D7LLI
 |- Actor Path: /Game/ThirdPerson/Maps/Main.Main:PersistentLevel.BP_Gift_Object_C_UAID_485F99B2BF9A593A02_1544017408
 |- Actor Package: /Game/__ExternalActors__/ThirdPerson/Maps/Main/C/VP/3RDLW5RUKMNYE6XUNJBV7O
 |- Actor Path: /Game/ThirdPerson/Maps/Main.Main:PersistentLevel.DirectionalLight_0
 |- Actor Package: /Game/__ExternalActors__/ThirdPerson/Maps/Main/C/SG/7OPH6DT6DJK3TQMI6M20V3
 |- Actor Path: /Game/ThirdPerson/Maps/Main.Main:PersistentLevel.ExponentialHeightFog_0
 |- Actor Package: /Game/__ExternalActors__/ThirdPerson/Maps/Main/E/OI/EG1YTRK83JFNJ6VTJ9D66N
 |- Actor Path: /Game/ThirdPerson/Maps/Main.Main:PersistentLevel.Landscape_UAID_485F99B2BF9A2A3A02_1716513145
 |- Actor Package: /Game/__ExternalActors__/ThirdPerson/Maps/Main/0/41/GEUZ8IL8HUIX28C0S2T6PK
 |- Actor Path: /Game/ThirdPerson/Maps/Main.Main:PersistentLevel.LandscapeStreamingProxy_0G55VDTI2WNNUTL0PHXSBCKHG_126_1_1_0
 |- Actor Package: /Game/__ExternalActors__/ThirdPerson/Maps/Main/8/QU/IAQLSFSGSD00N4TDTI3YE0
 |- Actor Path: /Game/ThirdPerson/Maps/Main.Main:PersistentLevel.LandscapeStreamingProxy_0G55VDTI2WNNUTL0PHXSBCKHG_126_1_2_0
 |- Actor Package: /Game/__ExternalActors__/ThirdPerson/Maps/Main/E/XU/7N2CHRG9WV6DKDY07WWQ5D
 |- Actor Path: /Game/ThirdPerson/Maps/Main.Main:PersistentLevel.LandscapeStreamingProxy_0G55VDTI2WNNUTL0PHXSBCKHG_126_1_3_0
 |- Actor Package: /Game/__ExternalActors__/ThirdPerson/Maps/Main/C/O1/VHAZJM5BI3F0TEDBLMKNVQ
 |- Actor Path: /Game/ThirdPerson/Maps/Main.Main:PersistentLevel.LandscapeStreamingProxy_0G55VDTI2WNNUTL0PHXSBCKHG_126_2_1_0
 |- Actor Package: /Game/__ExternalActors__/ThirdPerson/Maps/Main/1/B7/SJCCG6RMOS7OHMNDBQOMHB
 |- Actor Path: /Game/ThirdPerson/Maps/Main.Main:PersistentLevel.LandscapeStreamingProxy_0G55VDTI2WNNUTL0PHXSBCKHG_126_2_2_0
 |- Actor Package: /Game/__ExternalActors__/ThirdPerson/Maps/Main/3/LL/WROIB2FCIICB1WZJQBWQ0E
 |- Actor Path: /Game/ThirdPerson/Maps/Main.Main:PersistentLevel.LandscapeStreamingProxy_0G55VDTI2WNNUTL0PHXSBCKHG_126_2_3_0
 |- Actor Package: /Game/__ExternalActors__/ThirdPerson/Maps/Main/E/D7/XAOF85J3EI66SJI5E6KFH0
 |- Actor Path: /Game/ThirdPerson/Maps/Main.Main:PersistentLevel.LandscapeStreamingProxy_0G55VDTI2WNNUTL0PHXSBCKHG_126_3_1_0
 |- Actor Package: /Game/__ExternalActors__/ThirdPerson/Maps/Main/B/0T/UWMPRZZAQRUHEQH4RUA3RQ
 |- Actor Path: /Game/ThirdPerson/Maps/Main.Main:PersistentLevel.LandscapeStreamingProxy_0G55VDTI2WNNUTL0PHXSBCKHG_126_3_2_0
 |- Actor Package: /Game/__ExternalActors__/ThirdPerson/Maps/Main/7/L7/HA3FOS4IUS1WUGEJTNQE19
 |- Actor Path: /Game/ThirdPerson/Maps/Main.Main:PersistentLevel.LandscapeStreamingProxy_0G55VDTI2WNNUTL0PHXSBCKHG_126_3_3_0
 |- Actor Package: /Game/__ExternalActors__/ThirdPerson/Maps/Main/5/65/DDZ7CR0AK5XOCFYZ3RRT7K
 |- Actor Path: /Game/ThirdPerson/Maps/Main.Main:PersistentLevel.NavMeshBoundsVolume_UAID_485F99B2BF9A2D3A02_1697179666
 |- Actor Package: /Game/__ExternalActors__/ThirdPerson/Maps/Main/B/LH/ZH5XTOC5KFCPYI9W5T2JRY
 |- Actor Path: /Game/ThirdPerson/Maps/Main.Main:PersistentLevel.PlayerStart_0
 |- Actor Package: /Game/__ExternalActors__/ThirdPerson/Maps/Main/1/33/VUOEKLSCJX2BP42II9N7CI
 |- Actor Path: /Game/ThirdPerson/Maps/Main.Main:PersistentLevel.PostProcessVolume_0
 |- Actor Package: /Game/__ExternalActors__/ThirdPerson/Maps/Main/0/HS/6ZK169EVMKJSVLTS76NHMH
 |- Actor Path: /Game/ThirdPerson/Maps/Main.Main:PersistentLevel.RecastNavMesh_UAID_485F99B2BF9A2D3A02-Default
 |- Actor Package: /Game/__ExternalActors__/ThirdPerson/Maps/Main/E/8U/WRF9XR72HKJB3W7FEPR9AV
 |- Actor Path: /Game/ThirdPerson/Maps/Main.Main:PersistentLevel.SkyAtmosphere_0
 |- Actor Package: /Game/__ExternalActors__/ThirdPerson/Maps/Main/8/9V/3H75HROXT87M2LSLY3TRB1
 |- Actor Path: /Game/ThirdPerson/Maps/Main.Main:PersistentLevel.SkyLight_1
 |- Actor Package: /Game/__ExternalActors__/ThirdPerson/Maps/Main/5/LP/BRNRH0L44Q43HLMDYM3IAG
 |- Actor Path: /Game/ThirdPerson/Maps/Main.Main:PersistentLevel.StaticMeshActor_UAID_485F99B2BF9A1F3A02_1736890212
 |- Actor Package: /Game/__ExternalActors__/ThirdPerson/Maps/Main/1/ND/RHPPBGY2LTAULAXZ0BT2O9
 |- Actor Path: /Game/ThirdPerson/Maps/Main.Main:PersistentLevel.StaticMeshActor_UAID_485F99B2BF9A233A02_1756949903
 |- Actor Package: /Game/__ExternalActors__/ThirdPerson/Maps/Main/5/7K/1DXB4VM1TY6FDRQVQO7MNY
 |- Actor Path: /Game/ThirdPerson/Maps/Main.Main:PersistentLevel.StaticMeshActor_UAID_485F99B2BF9A233A02_1795478904
 |- Actor Package: /Game/__ExternalActors__/ThirdPerson/Maps/Main/A/GO/HE5KKPYUFT01GG39MWV8J2
 |- Actor Path: /Game/ThirdPerson/Maps/Main.Main:PersistentLevel.StaticMeshActor_UAID_A4AE111137DC5EFB00_1110535423
 |- Actor Package: /Game/__ExternalActors__/ThirdPerson/Maps/Main/D/AC/211ZKBBMD9JAQVQ7RK8NN2
 |- Actor Path: /Game/ThirdPerson/Maps/Main.Main:PersistentLevel.TriggerSphere_UAID_485F99B2BF9A533A02_1827656352
 |- Actor Package: /Game/__ExternalActors__/ThirdPerson/Maps/Main/8/RP/Y20FOOBORJP940EZ4CQ04U
 |- Actor Path: /Game/ThirdPerson/Maps/Main.Main:PersistentLevel.VolumetricCloud_0
 |- Actor Package: /Game/__ExternalActors__/ThirdPerson/Maps/Main/9/H0/EI1HPNCAAXVRQKQ74PTC6M
 |- Actor Path: /Game/ThirdPerson/Maps/Main.Main:PersistentLevel.WorldDataLayers
 |- Actor Package: /Game/__ExternalActors__/ThirdPerson/Maps/Main/0/B4/P033ELEX9LFR8C4SB82ENO

----------------------------------------------------------------------------------------------------------------
Main - Runtime Hash Set
----------------------------------------------------------------------------------------------------------------

