[+] Containers:
 |- [+] Container: /Game/ThirdPerson/Maps/Main
 |   |- [+] ActorDescs:
 |   |   |- Guid:02002C2A4D77F4601D985096252BB4D4 NativeClass:/Script/Landscape.LandscapeStreamingProxy Name:LandscapeStreamingProxy_0G55VDTI2WNNUTL0PHXSBCKHG_126_3_2_0 Label:LandscapeStreamingProxy_3_2_0 SpatiallyLoaded:true EditorBounds:IsValid=true, Min=(X=12600.000 Y=0.000 Z=-100.000), Max=(X=25200.000 Y=12600.000 Z=100.000) RuntimeBounds:IsValid=true, Min=(X=12600.000 Y=0.000 Z=-100.000), Max=(X=25200.000 Y=12600.000 Z=100.000) RuntimeGrid:None EditorOnly:false RuntimeOnly:false HLODRelevant:true ListedInSceneOutliner:true IsMainWorldOnly:false
 |   |   |- Guid:0704194D43CA791035A36A8161D8E1CA NativeClass:/Script/NavigationSystem.RecastNavMesh Name:RecastNavMesh_UAID_485F99B2BF9A283A02-Default Label:RecastNavMesh-Default SpatiallyLoaded:false EditorBounds:IsValid=true, Min=(X=0.000 Y=0.000 Z=0.000), Max=(X=0.000 Y=0.000 Z=0.000) RuntimeBounds:IsValid=true, Min=(X=0.000 Y=0.000 Z=0.000), Max=(X=0.000 Y=0.000 Z=0.000) RuntimeGrid:None EditorOnly:false RuntimeOnly:false HLODRelevant:false ListedInSceneOutliner:true IsMainWorldOnly:false
 |   |   |- Guid:1E4B6BFE44124EC2153E429E71FC3027 NativeClass:/Script/Landscape.LandscapeStreamingProxy Name:LandscapeStreamingProxy_0G55VDTI2WNNUTL0PHXSBCKHG_126_1_0_0 Label:LandscapeStreamingProxy_1_0_0 SpatiallyLoaded:true EditorBounds:IsValid=true, Min=(X=-12600.000 Y=-25200.000 Z=-100.000), Max=(X=0.000 Y=-12600.000 Z=100.000) RuntimeBounds:IsValid=true, Min=(X=-12600.000 Y=-25200.000 Z=-100.000), Max=(X=0.000 Y=-12600.000 Z=100.000) RuntimeGrid:None EditorOnly:false RuntimeOnly:false HLODRelevant:true ListedInSceneOutliner:true IsMainWorldOnly:false
 |   |   |- Guid:1FFAA05A40EF3C2320504A995E6305DF NativeClass:/Script/Landscape.LandscapeStreamingProxy Name:LandscapeStreamingProxy_0G55VDTI2WNNUTL0PHXSBCKHG_126_0_0_0 Label:LandscapeStreamingProxy_0_0_0 SpatiallyLoaded:true EditorBounds:IsValid=true, Min=(X=-25200.000 Y=-25200.000 Z=-100.000), Max=(X=-12600.000 Y=-12600.000 Z=100.000) RuntimeBounds:IsValid=true, Min=(X=-25200.000 Y=-25200.000 Z=-100.000), Max=(X=-12600.000 Y=-12600.000 Z=100.000) RuntimeGrid:None EditorOnly:false RuntimeOnly:false HLODRelevant:true ListedInSceneOutliner:true IsMainWorldOnly:false
 |   |   |- Guid:2FB58999456391D349DC0F86DAC136ED NativeClass:/Script/Engine.SkyLight Name:SkyLight_1 Label:SkyLight SpatiallyLoaded:false EditorBounds:IsValid=true, Min=(X=-1.000 Y=-1.000 Z=-1.000), Max=(X=1.000 Y=1.000 Z=690.000) RuntimeBounds:IsValid=true, Min=(X=0.000 Y=0.000 Z=690.000), Max=(X=0.000 Y=0.000 Z=690.000) RuntimeGrid:None EditorOnly:false RuntimeOnly:false HLODRelevant:false ListedInSceneOutliner:true IsMainWorldOnly:false FolderPath:Lighting FolderGuid:963EC3EB4002CCE9759E2EBA541A873A
 |   |   |- Guid:316CF2A6494ACA4C0E4180A87D36AB8F NativeClass:/Script/Engine.ExponentialHeightFog Name:ExponentialHeightFog_0 Label:ExponentialHeightFog SpatiallyLoaded:false EditorBounds:IsValid=true, Min=(X=-5728.000 Y=-178.000 Z=-6978.000), Max=(X=-5472.000 Y=78.000 Z=-6722.000) RuntimeBounds:IsValid=true, Min=(X=-5600.000 Y=-50.000 Z=-6850.000), Max=(X=-5600.000 Y=-50.000 Z=-6850.000) RuntimeGrid:None EditorOnly:false RuntimeOnly:false HLODRelevant:false ListedInSceneOutliner:true IsMainWorldOnly:false FolderPath:Lighting FolderGuid:963EC3EB4002CCE9759E2EBA541A873A
 |   |   |- Guid:3A00AA1C422CE54C0BDB60BAF471BFBB NativeClass:/Script/Engine.PlayerStart Name:PlayerStart_0 Label:PlayerStart SpatiallyLoaded:false EditorBounds:IsValid=true, Min=(X=772.000 Y=982.000 Z=-35.987), Max=(X=1140.000 Y=1238.000 Z=220.013) RuntimeBounds:IsValid=true, Min=(X=860.000 Y=1070.000 Z=0.013), Max=(X=940.000 Y=1150.000 Z=184.013) RuntimeGrid:None EditorOnly:false RuntimeOnly:false HLODRelevant:false ListedInSceneOutliner:true IsMainWorldOnly:false
 |   |   |- Guid:463894694656F1E7940DDCA8E7E24181 NativeClass:/Script/Engine.StaticMeshActor Name:StaticMeshActor_UAID_485F99B2BF9A233A02_1756949903 Label:ChristmasTreeSketchfab3 SpatiallyLoaded:true EditorBounds:IsValid=true, Min=(X=1620.000 Y=2760.000 Z=-70.000), Max=(X=1620.000 Y=2760.000 Z=-70.000) RuntimeBounds:IsValid=true, Min=(X=1620.000 Y=2760.000 Z=-70.000), Max=(X=1620.000 Y=2760.000 Z=-70.000) RuntimeGrid:None EditorOnly:false RuntimeOnly:false HLODRelevant:false ListedInSceneOutliner:true IsMainWorldOnly:false
 |   |   |- Guid:4D3BE93F4146AAAC8BBE79999D96D57F NativeClass:/Script/Engine.VolumetricCloud Name:VolumetricCloud_0 Label:VolumetricCloud SpatiallyLoaded:false EditorBounds:IsValid=true, Min=(X=-128.000 Y=-128.000 Z=692.000), Max=(X=128.000 Y=128.000 Z=948.000) RuntimeBounds:IsValid=true, Min=(X=0.000 Y=0.000 Z=820.000), Max=(X=0.000 Y=0.000 Z=820.000) RuntimeGrid:None EditorOnly:false RuntimeOnly:false HLODRelevant:false ListedInSceneOutliner:true IsMainWorldOnly:false FolderPath:Lighting FolderGuid:963EC3EB4002CCE9759E2EBA541A873A
 |   |   |- Guid:4DB502C74EB3E0051693F69D34349A64 NativeClass:/Script/Landscape.LandscapeStreamingProxy Name:LandscapeStreamingProxy_0G55VDTI2WNNUTL0PHXSBCKHG_126_2_0_0 Label:LandscapeStreamingProxy_2_0_0 SpatiallyLoaded:true EditorBounds:IsValid=true, Min=(X=0.000 Y=-25200.000 Z=-100.000), Max=(X=12600.000 Y=-12600.000 Z=100.000) RuntimeBounds:IsValid=true, Min=(X=0.000 Y=-25200.000 Z=-100.000), Max=(X=12600.000 Y=-12600.000 Z=100.000) RuntimeGrid:None EditorOnly:false RuntimeOnly:false HLODRelevant:true ListedInSceneOutliner:true IsMainWorldOnly:false
 |   |   |- Guid:51AA52C84DB7AB3EC81790AB26DA2905 NativeClass:/Script/Landscape.LandscapeStreamingProxy Name:LandscapeStreamingProxy_0G55VDTI2WNNUTL0PHXSBCKHG_126_0_1_0 Label:LandscapeStreamingProxy_0_1_0 SpatiallyLoaded:true EditorBounds:IsValid=true, Min=(X=-25200.000 Y=-12600.000 Z=-100.000), Max=(X=-12600.000 Y=0.000 Z=100.000) RuntimeBounds:IsValid=true, Min=(X=-25200.000 Y=-12600.000 Z=-100.000), Max=(X=-12600.000 Y=0.000 Z=100.000) RuntimeGrid:None EditorOnly:false RuntimeOnly:false HLODRelevant:true ListedInSceneOutliner:true IsMainWorldOnly:false
 |   |   |- Guid:548C7FBC4276369DD17705B1B8C5B158 NativeClass:/Script/Landscape.LandscapeStreamingProxy Name:LandscapeStreamingProxy_0G55VDTI2WNNUTL0PHXSBCKHG_126_2_1_0 Label:LandscapeStreamingProxy_2_1_0 SpatiallyLoaded:true EditorBounds:IsValid=true, Min=(X=0.000 Y=-12600.000 Z=-100.000), Max=(X=12600.000 Y=0.000 Z=100.000) RuntimeBounds:IsValid=true, Min=(X=0.000 Y=-12600.000 Z=-100.000), Max=(X=12600.000 Y=0.000 Z=100.000) RuntimeGrid:None EditorOnly:false RuntimeOnly:false HLODRelevant:true ListedInSceneOutliner:true IsMainWorldOnly:false
 |   |   |- Guid:6BAF4DDD444C60371492D3919DB42C97 NativeClass:/Script/Engine.WorldDataLayers Name:WorldDataLayers Label:WorldDataLayers SpatiallyLoaded:false EditorBounds:IsValid=false, Min=(X=0.000 Y=0.000 Z=0.000), Max=(X=0.000 Y=0.000 Z=0.000) RuntimeBounds:IsValid=false, Min=(X=0.000 Y=0.000 Z=0.000), Max=(X=0.000 Y=0.000 Z=0.000) RuntimeGrid:None EditorOnly:false RuntimeOnly:false HLODRelevant:false ListedInSceneOutliner:true IsMainWorldOnly:true
 |   |   |- Guid:7236A31545C13FB174ED528B721F6935 NativeClass:/Script/Landscape.LandscapeStreamingProxy Name:LandscapeStreamingProxy_0G55VDTI2WNNUTL0PHXSBCKHG_126_0_3_0 Label:LandscapeStreamingProxy_0_3_0 SpatiallyLoaded:true EditorBounds:IsValid=true, Min=(X=-25200.000 Y=12600.000 Z=-100.000), Max=(X=-12600.000 Y=25200.000 Z=100.000) RuntimeBounds:IsValid=true, Min=(X=-25200.000 Y=12600.000 Z=-100.000), Max=(X=-12600.000 Y=25200.000 Z=100.000) RuntimeGrid:None EditorOnly:false RuntimeOnly:false HLODRelevant:true ListedInSceneOutliner:true IsMainWorldOnly:false
 |   |   |- Guid:73D5DFF842CAB471490B6D9D995A83A5 NativeClass:/Script/Engine.StaticMeshActor Name:StaticMeshActor_UAID_485F99B2BF9A233A02_1795478904 Label:ChristmasTreeSketchfab4 SpatiallyLoaded:true EditorBounds:IsValid=true, Min=(X=2236.238 Y=344.268 Z=-19.992), Max=(X=2503.762 Y=615.104 Z=444.750) RuntimeBounds:IsValid=true, Min=(X=2236.238 Y=344.268 Z=-19.992), Max=(X=2503.762 Y=615.104 Z=444.750) RuntimeGrid:None EditorOnly:false RuntimeOnly:false HLODRelevant:true ListedInSceneOutliner:true IsMainWorldOnly:false
 |   |   |- Guid:745A095B4BA4E157E4537FA63F5B7B43 NativeClass:/Script/Engine.StaticMeshActor Name:StaticMeshActor_2 Label:SM_ChamferCube SpatiallyLoaded:true EditorBounds:IsValid=true, Min=(X=1100.000 Y=2000.000 Z=0.013), Max=(X=1200.000 Y=2100.000 Z=100.013) RuntimeBounds:IsValid=true, Min=(X=1100.000 Y=2000.000 Z=0.013), Max=(X=1200.000 Y=2100.000 Z=100.013) RuntimeGrid:None EditorOnly:false RuntimeOnly:false HLODRelevant:false ListedInSceneOutliner:true IsMainWorldOnly:false
 |   |   |- Guid:81EE63B94A73D4DE244D8EBB528EE97F NativeClass:/Script/Landscape.LandscapeStreamingProxy Name:LandscapeStreamingProxy_0G55VDTI2WNNUTL0PHXSBCKHG_126_3_1_0 Label:LandscapeStreamingProxy_3_1_0 SpatiallyLoaded:true EditorBounds:IsValid=true, Min=(X=12600.000 Y=-12600.000 Z=-100.000), Max=(X=25200.000 Y=0.000 Z=100.000) RuntimeBounds:IsValid=true, Min=(X=12600.000 Y=-12600.000 Z=-100.000), Max=(X=25200.000 Y=0.000 Z=100.000) RuntimeGrid:None EditorOnly:false RuntimeOnly:false HLODRelevant:true ListedInSceneOutliner:true IsMainWorldOnly:false
 |   |   |- Guid:87432DC740678AD9DC7709B76919F32B NativeClass:/Script/Landscape.LandscapeStreamingProxy Name:LandscapeStreamingProxy_0G55VDTI2WNNUTL0PHXSBCKHG_126_3_0_0 Label:LandscapeStreamingProxy_3_0_0 SpatiallyLoaded:true EditorBounds:IsValid=true, Min=(X=12600.000 Y=-25200.000 Z=-100.000), Max=(X=25200.000 Y=-12600.000 Z=100.000) RuntimeBounds:IsValid=true, Min=(X=12600.000 Y=-25200.000 Z=-100.000), Max=(X=25200.000 Y=-12600.000 Z=100.000) RuntimeGrid:None EditorOnly:false RuntimeOnly:false HLODRelevant:true ListedInSceneOutliner:true IsMainWorldOnly:false
 |   |   |- Guid:936240EE454535A3FEB2D9836ADC8B0E NativeClass:/Script/Landscape.LandscapeStreamingProxy Name:LandscapeStreamingProxy_0G55VDTI2WNNUTL0PHXSBCKHG_126_2_2_0 Label:LandscapeStreamingProxy_2_2_0 SpatiallyLoaded:true EditorBounds:IsValid=true, Min=(X=0.000 Y=0.000 Z=-100.000), Max=(X=12600.000 Y=12600.000 Z=100.000) RuntimeBounds:IsValid=true, Min=(X=0.000 Y=0.000 Z=-100.000), Max=(X=12600.000 Y=12600.000 Z=100.000) RuntimeGrid:None EditorOnly:false RuntimeOnly:false HLODRelevant:true ListedInSceneOutliner:true IsMainWorldOnly:false
 |   |   |- Guid:9F7E79CC42D6AF728F92DDBA7E3E0E21 NativeClass:/Script/Landscape.LandscapeStreamingProxy Name:LandscapeStreamingProxy_0G55VDTI2WNNUTL0PHXSBCKHG_126_3_3_0 Label:LandscapeStreamingProxy_3_3_0 SpatiallyLoaded:true EditorBounds:IsValid=true, Min=(X=12600.000 Y=12600.000 Z=-100.000), Max=(X=25200.000 Y=25200.000 Z=100.000) RuntimeBounds:IsValid=true, Min=(X=12600.000 Y=12600.000 Z=-100.000), Max=(X=25200.000 Y=25200.000 Z=100.000) RuntimeGrid:None EditorOnly:false RuntimeOnly:false HLODRelevant:true ListedInSceneOutliner:true IsMainWorldOnly:false
 |   |   |- Guid:ADDEAFFC4D7D9D00442DF59CD82D2183 NativeClass:/Script/Landscape.Landscape Name:Landscape_UAID_485F99B2BF9A2A3A02_1716513145 Label:Landscape SpatiallyLoaded:false EditorBounds:IsValid=true, Min=(X=-25200.000 Y=-25200.000 Z=0.000), Max=(X=-25200.000 Y=-25200.000 Z=0.000) RuntimeBounds:IsValid=true, Min=(X=-25200.000 Y=-25200.000 Z=0.000), Max=(X=-25200.000 Y=-25200.000 Z=0.000) RuntimeGrid:None EditorOnly:false RuntimeOnly:false HLODRelevant:false ListedInSceneOutliner:true IsMainWorldOnly:false
 |   |   |- Guid:B785ED2844B84CFB91E7F39FE661CD99 NativeClass:/Script/Engine.DirectionalLight Name:DirectionalLight_0 Label:DirectionalLight SpatiallyLoaded:false EditorBounds:IsValid=false, Min=(X=0.000 Y=0.000 Z=0.000), Max=(X=0.000 Y=0.000 Z=0.000) RuntimeBounds:IsValid=false, Min=(X=0.000 Y=0.000 Z=0.000), Max=(X=0.000 Y=0.000 Z=0.000) RuntimeGrid:None EditorOnly:false RuntimeOnly:false HLODRelevant:false ListedInSceneOutliner:true IsMainWorldOnly:false FolderPath:Lighting FolderGuid:963EC3EB4002CCE9759E2EBA541A873A
 |   |   |- Guid:BBA15EB645460C0E10E1BAA00D891609 BaseClass:/Game/Assets/BP_Gift_Object.BP_Gift_Object_C NativeClass:/Script/Engine.Actor Name:BP_Gift_Object_C_UAID_485F99B2BF9A163A02_2097068627 Label:BP_Gift_Object SpatiallyLoaded:true EditorBounds:IsValid=true, Min=(X=885.779 Y=1746.609 Z=208.334), Max=(X=963.373 Y=1823.439 Z=328.612) RuntimeBounds:IsValid=true, Min=(X=885.779 Y=1746.609 Z=208.334), Max=(X=963.373 Y=1823.439 Z=328.612) RuntimeGrid:None EditorOnly:false RuntimeOnly:false HLODRelevant:false ListedInSceneOutliner:true IsMainWorldOnly:false
 |   |   |- Guid:C33466CE4C6AAB90BD84CD90B3277BB3 NativeClass:/Script/Landscape.LandscapeStreamingProxy Name:LandscapeStreamingProxy_0G55VDTI2WNNUTL0PHXSBCKHG_126_1_2_0 Label:LandscapeStreamingProxy_1_2_0 SpatiallyLoaded:true EditorBounds:IsValid=true, Min=(X=-12600.000 Y=0.000 Z=-100.000), Max=(X=0.000 Y=12600.000 Z=100.000) RuntimeBounds:IsValid=true, Min=(X=-12600.000 Y=0.000 Z=-100.000), Max=(X=0.000 Y=12600.000 Z=100.000) RuntimeGrid:None EditorOnly:false RuntimeOnly:false HLODRelevant:true ListedInSceneOutliner:true IsMainWorldOnly:false
 |   |   |- Guid:CCFF262C46EEFFDF319E7F9539CE697E NativeClass:/Script/Engine.SkyAtmosphere Name:SkyAtmosphere_0 Label:SkyAtmosphere SpatiallyLoaded:false EditorBounds:IsValid=true, Min=(X=-128.000 Y=-128.000 Z=892.000), Max=(X=240.000 Y=128.000 Z=1148.000) RuntimeBounds:IsValid=true, Min=(X=0.000 Y=0.000 Z=1020.000), Max=(X=0.000 Y=0.000 Z=1020.000) RuntimeGrid:None EditorOnly:false RuntimeOnly:false HLODRelevant:false ListedInSceneOutliner:true IsMainWorldOnly:false FolderPath:Lighting FolderGuid:963EC3EB4002CCE9759E2EBA541A873A
 |   |   |- Guid:D802105E479EF732C4AE9A87782C2415 BaseClass:/Game/AI/BB_AI_Character.BB_AI_Character_C NativeClass:/Script/Engine.Character Name:BB_AI_Character_C_UAID_485F99B2BF9A283A02_1646082785 Label:BB_AI_Character SpatiallyLoaded:true EditorBounds:IsValid=true, Min=(X=2086.000 Y=760.000 Z=120.000), Max=(X=2360.000 Y=920.000 Z=303.918) RuntimeBounds:IsValid=true, Min=(X=2086.000 Y=781.237 Z=120.000), Max=(X=2154.000 Y=898.243 Z=303.918) RuntimeGrid:None EditorOnly:false RuntimeOnly:false HLODRelevant:false ListedInSceneOutliner:true IsMainWorldOnly:false
 |   |   |- Guid:DFB00CF5485640B5DE72A28EED64D470 NativeClass:/Script/Landscape.LandscapeStreamingProxy Name:LandscapeStreamingProxy_0G55VDTI2WNNUTL0PHXSBCKHG_126_1_1_0 Label:LandscapeStreamingProxy_1_1_0 SpatiallyLoaded:true EditorBounds:IsValid=true, Min=(X=-12600.000 Y=-12600.000 Z=-100.000), Max=(X=0.000 Y=0.000 Z=100.000) RuntimeBounds:IsValid=true, Min=(X=-12600.000 Y=-12600.000 Z=-100.000), Max=(X=0.000 Y=0.000 Z=100.000) RuntimeGrid:None EditorOnly:false RuntimeOnly:false HLODRelevant:true ListedInSceneOutliner:true IsMainWorldOnly:false
 |   |   |- Guid:E84E990E4DE9AD64161CC58678A0CFC2 NativeClass:/Script/Landscape.LandscapeStreamingProxy Name:LandscapeStreamingProxy_0G55VDTI2WNNUTL0PHXSBCKHG_126_0_2_0 Label:LandscapeStreamingProxy_0_2_0 SpatiallyLoaded:true EditorBounds:IsValid=true, Min=(X=-25200.000 Y=0.000 Z=-100.000), Max=(X=-12600.000 Y=12600.000 Z=100.000) RuntimeBounds:IsValid=true, Min=(X=-25200.000 Y=0.000 Z=-100.000), Max=(X=-12600.000 Y=12600.000 Z=100.000) RuntimeGrid:None EditorOnly:false RuntimeOnly:false HLODRelevant:true ListedInSceneOutliner:true IsMainWorldOnly:false
 |   |   |- Guid:EC4E0C944CE6AC6E784BC6BB2916EA13 NativeClass:/Script/Engine.StaticMeshActor Name:StaticMeshActor_UAID_A4AE111137DC5EFB00_1110535423 Label:SM_SkySphere SpatiallyLoaded:false EditorBounds:IsValid=true, Min=(X=-1638400.000 Y=-1638400.000 Z=-1638400.000), Max=(X=1638400.000 Y=1638400.000 Z=1638400.000) RuntimeBounds:IsValid=true, Min=(X=-1638400.000 Y=-1638400.000 Z=-1638400.000), Max=(X=1638400.000 Y=1638400.000 Z=1638400.000) RuntimeGrid:None EditorOnly:false RuntimeOnly:false HLODRelevant:false ListedInSceneOutliner:true IsMainWorldOnly:false FolderPath:Lighting FolderGuid:963EC3EB4002CCE9759E2EBA541A873A
 |   |   |- Guid:ED6E46384CE29A08D5F660934D606D2A NativeClass:/Script/Landscape.LandscapeStreamingProxy Name:LandscapeStreamingProxy_0G55VDTI2WNNUTL0PHXSBCKHG_126_2_3_0 Label:LandscapeStreamingProxy_2_3_0 SpatiallyLoaded:true EditorBounds:IsValid=true, Min=(X=0.000 Y=12600.000 Z=-100.000), Max=(X=12600.000 Y=25200.000 Z=100.000) RuntimeBounds:IsValid=true, Min=(X=0.000 Y=12600.000 Z=-100.000), Max=(X=12600.000 Y=25200.000 Z=100.000) RuntimeGrid:None EditorOnly:false RuntimeOnly:false HLODRelevant:true ListedInSceneOutliner:true IsMainWorldOnly:false
 |   |   |- Guid:F5E3FEB3450C49844FD93DA8E083C8AD NativeClass:/Script/Engine.PostProcessVolume Name:PostProcessVolume_0 Label:PostProcessVolume SpatiallyLoaded:false EditorBounds:IsValid=true, Min=(X=0.000 Y=0.000 Z=400.000), Max=(X=200.000 Y=200.000 Z=600.000) RuntimeBounds:IsValid=true, Min=(X=0.000 Y=0.000 Z=400.000), Max=(X=200.000 Y=200.000 Z=600.000) RuntimeGrid:None EditorOnly:false RuntimeOnly:false HLODRelevant:false ListedInSceneOutliner:true IsMainWorldOnly:false FolderPath:Lighting FolderGuid:963EC3EB4002CCE9759E2EBA541A873A
 |   |   |- Guid:F88FF09F4A398A8FFFC55D99EB4A86BA NativeClass:/Script/Landscape.LandscapeStreamingProxy Name:LandscapeStreamingProxy_0G55VDTI2WNNUTL0PHXSBCKHG_126_1_3_0 Label:LandscapeStreamingProxy_1_3_0 SpatiallyLoaded:true EditorBounds:IsValid=true, Min=(X=-12600.000 Y=12600.000 Z=-100.000), Max=(X=0.000 Y=25200.000 Z=100.000) RuntimeBounds:IsValid=true, Min=(X=-12600.000 Y=12600.000 Z=-100.000), Max=(X=0.000 Y=25200.000 Z=100.000) RuntimeGrid:None EditorOnly:false RuntimeOnly:false HLODRelevant:true ListedInSceneOutliner:true IsMainWorldOnly:false
 |   |   |- Guid:F8CB109846294E7A201CE5BD266629FD NativeClass:/Script/Engine.StaticMeshActor Name:StaticMeshActor_UAID_485F99B2BF9A1F3A02_1736890212 Label:ChristmasTreeSketchfab SpatiallyLoaded:true EditorBounds:IsValid=true, Min=(X=1030.000 Y=600.000 Z=60.000), Max=(X=1030.000 Y=600.000 Z=60.000) RuntimeBounds:IsValid=true, Min=(X=1030.000 Y=600.000 Z=60.000), Max=(X=1030.000 Y=600.000 Z=60.000) RuntimeGrid:None EditorOnly:false RuntimeOnly:false HLODRelevant:false ListedInSceneOutliner:true IsMainWorldOnly:false
 |   |- [+] Clusters:
 |   |   |- [+] [  0]
 |   |   |   |- Guid:02002C2A4D77F4601D985096252BB4D4 NativeClass:/Script/Landscape.LandscapeStreamingProxy Name:LandscapeStreamingProxy_0G55VDTI2WNNUTL0PHXSBCKHG_126_3_2_0 Label:LandscapeStreamingProxy_3_2_0 SpatiallyLoaded:true EditorBounds:IsValid=true, Min=(X=12600.000 Y=0.000 Z=-100.000), Max=(X=25200.000 Y=12600.000 Z=100.000) RuntimeBounds:IsValid=true, Min=(X=12600.000 Y=0.000 Z=-100.000), Max=(X=25200.000 Y=12600.000 Z=100.000) RuntimeGrid:None EditorOnly:false RuntimeOnly:false HLODRelevant:true ListedInSceneOutliner:true IsMainWorldOnly:false
 |   |   |- [+] [  1]
 |   |   |   |- Guid:0704194D43CA791035A36A8161D8E1CA NativeClass:/Script/NavigationSystem.RecastNavMesh Name:RecastNavMesh_UAID_485F99B2BF9A283A02-Default Label:RecastNavMesh-Default SpatiallyLoaded:false EditorBounds:IsValid=true, Min=(X=0.000 Y=0.000 Z=0.000), Max=(X=0.000 Y=0.000 Z=0.000) RuntimeBounds:IsValid=true, Min=(X=0.000 Y=0.000 Z=0.000), Max=(X=0.000 Y=0.000 Z=0.000) RuntimeGrid:None EditorOnly:false RuntimeOnly:false HLODRelevant:false ListedInSceneOutliner:true IsMainWorldOnly:false
 |   |   |- [+] [  2]
 |   |   |   |- Guid:1E4B6BFE44124EC2153E429E71FC3027 NativeClass:/Script/Landscape.LandscapeStreamingProxy Name:LandscapeStreamingProxy_0G55VDTI2WNNUTL0PHXSBCKHG_126_1_0_0 Label:LandscapeStreamingProxy_1_0_0 SpatiallyLoaded:true EditorBounds:IsValid=true, Min=(X=-12600.000 Y=-25200.000 Z=-100.000), Max=(X=0.000 Y=-12600.000 Z=100.000) RuntimeBounds:IsValid=true, Min=(X=-12600.000 Y=-25200.000 Z=-100.000), Max=(X=0.000 Y=-12600.000 Z=100.000) RuntimeGrid:None EditorOnly:false RuntimeOnly:false HLODRelevant:true ListedInSceneOutliner:true IsMainWorldOnly:false
 |   |   |- [+] [  3]
 |   |   |   |- Guid:1FFAA05A40EF3C2320504A995E6305DF NativeClass:/Script/Landscape.LandscapeStreamingProxy Name:LandscapeStreamingProxy_0G55VDTI2WNNUTL0PHXSBCKHG_126_0_0_0 Label:LandscapeStreamingProxy_0_0_0 SpatiallyLoaded:true EditorBounds:IsValid=true, Min=(X=-25200.000 Y=-25200.000 Z=-100.000), Max=(X=-12600.000 Y=-12600.000 Z=100.000) RuntimeBounds:IsValid=true, Min=(X=-25200.000 Y=-25200.000 Z=-100.000), Max=(X=-12600.000 Y=-12600.000 Z=100.000) RuntimeGrid:None EditorOnly:false RuntimeOnly:false HLODRelevant:true ListedInSceneOutliner:true IsMainWorldOnly:false
 |   |   |- [+] [  4]
 |   |   |   |- Guid:2FB58999456391D349DC0F86DAC136ED NativeClass:/Script/Engine.SkyLight Name:SkyLight_1 Label:SkyLight SpatiallyLoaded:false EditorBounds:IsValid=true, Min=(X=-1.000 Y=-1.000 Z=-1.000), Max=(X=1.000 Y=1.000 Z=690.000) RuntimeBounds:IsValid=true, Min=(X=0.000 Y=0.000 Z=690.000), Max=(X=0.000 Y=0.000 Z=690.000) RuntimeGrid:None EditorOnly:false RuntimeOnly:false HLODRelevant:false ListedInSceneOutliner:true IsMainWorldOnly:false FolderPath:Lighting FolderGuid:963EC3EB4002CCE9759E2EBA541A873A
 |   |   |- [+] [  5]
 |   |   |   |- Guid:316CF2A6494ACA4C0E4180A87D36AB8F NativeClass:/Script/Engine.ExponentialHeightFog Name:ExponentialHeightFog_0 Label:ExponentialHeightFog SpatiallyLoaded:false EditorBounds:IsValid=true, Min=(X=-5728.000 Y=-178.000 Z=-6978.000), Max=(X=-5472.000 Y=78.000 Z=-6722.000) RuntimeBounds:IsValid=true, Min=(X=-5600.000 Y=-50.000 Z=-6850.000), Max=(X=-5600.000 Y=-50.000 Z=-6850.000) RuntimeGrid:None EditorOnly:false RuntimeOnly:false HLODRelevant:false ListedInSceneOutliner:true IsMainWorldOnly:false FolderPath:Lighting FolderGuid:963EC3EB4002CCE9759E2EBA541A873A
 |   |   |- [+] [  6]
 |   |   |   |- Guid:3A00AA1C422CE54C0BDB60BAF471BFBB NativeClass:/Script/Engine.PlayerStart Name:PlayerStart_0 Label:PlayerStart SpatiallyLoaded:false EditorBounds:IsValid=true, Min=(X=772.000 Y=982.000 Z=-35.987), Max=(X=1140.000 Y=1238.000 Z=220.013) RuntimeBounds:IsValid=true, Min=(X=860.000 Y=1070.000 Z=0.013), Max=(X=940.000 Y=1150.000 Z=184.013) RuntimeGrid:None EditorOnly:false RuntimeOnly:false HLODRelevant:false ListedInSceneOutliner:true IsMainWorldOnly:false
 |   |   |- [+] [  7]
 |   |   |   |- Guid:463894694656F1E7940DDCA8E7E24181 NativeClass:/Script/Engine.StaticMeshActor Name:StaticMeshActor_UAID_485F99B2BF9A233A02_1756949903 Label:ChristmasTreeSketchfab3 SpatiallyLoaded:true EditorBounds:IsValid=true, Min=(X=1620.000 Y=2760.000 Z=-70.000), Max=(X=1620.000 Y=2760.000 Z=-70.000) RuntimeBounds:IsValid=true, Min=(X=1620.000 Y=2760.000 Z=-70.000), Max=(X=1620.000 Y=2760.000 Z=-70.000) RuntimeGrid:None EditorOnly:false RuntimeOnly:false HLODRelevant:false ListedInSceneOutliner:true IsMainWorldOnly:false
 |   |   |- [+] [  8]
 |   |   |   |- Guid:4D3BE93F4146AAAC8BBE79999D96D57F NativeClass:/Script/Engine.VolumetricCloud Name:VolumetricCloud_0 Label:VolumetricCloud SpatiallyLoaded:false EditorBounds:IsValid=true, Min=(X=-128.000 Y=-128.000 Z=692.000), Max=(X=128.000 Y=128.000 Z=948.000) RuntimeBounds:IsValid=true, Min=(X=0.000 Y=0.000 Z=820.000), Max=(X=0.000 Y=0.000 Z=820.000) RuntimeGrid:None EditorOnly:false RuntimeOnly:false HLODRelevant:false ListedInSceneOutliner:true IsMainWorldOnly:false FolderPath:Lighting FolderGuid:963EC3EB4002CCE9759E2EBA541A873A
 |   |   |- [+] [  9]
 |   |   |   |- Guid:4DB502C74EB3E0051693F69D34349A64 NativeClass:/Script/Landscape.LandscapeStreamingProxy Name:LandscapeStreamingProxy_0G55VDTI2WNNUTL0PHXSBCKHG_126_2_0_0 Label:LandscapeStreamingProxy_2_0_0 SpatiallyLoaded:true EditorBounds:IsValid=true, Min=(X=0.000 Y=-25200.000 Z=-100.000), Max=(X=12600.000 Y=-12600.000 Z=100.000) RuntimeBounds:IsValid=true, Min=(X=0.000 Y=-25200.000 Z=-100.000), Max=(X=12600.000 Y=-12600.000 Z=100.000) RuntimeGrid:None EditorOnly:false RuntimeOnly:false HLODRelevant:true ListedInSceneOutliner:true IsMainWorldOnly:false
 |   |   |- [+] [ 10]
 |   |   |   |- Guid:51AA52C84DB7AB3EC81790AB26DA2905 NativeClass:/Script/Landscape.LandscapeStreamingProxy Name:LandscapeStreamingProxy_0G55VDTI2WNNUTL0PHXSBCKHG_126_0_1_0 Label:LandscapeStreamingProxy_0_1_0 SpatiallyLoaded:true EditorBounds:IsValid=true, Min=(X=-25200.000 Y=-12600.000 Z=-100.000), Max=(X=-12600.000 Y=0.000 Z=100.000) RuntimeBounds:IsValid=true, Min=(X=-25200.000 Y=-12600.000 Z=-100.000), Max=(X=-12600.000 Y=0.000 Z=100.000) RuntimeGrid:None EditorOnly:false RuntimeOnly:false HLODRelevant:true ListedInSceneOutliner:true IsMainWorldOnly:false
 |   |   |- [+] [ 11]
 |   |   |   |- Guid:548C7FBC4276369DD17705B1B8C5B158 NativeClass:/Script/Landscape.LandscapeStreamingProxy Name:LandscapeStreamingProxy_0G55VDTI2WNNUTL0PHXSBCKHG_126_2_1_0 Label:LandscapeStreamingProxy_2_1_0 SpatiallyLoaded:true EditorBounds:IsValid=true, Min=(X=0.000 Y=-12600.000 Z=-100.000), Max=(X=12600.000 Y=0.000 Z=100.000) RuntimeBounds:IsValid=true, Min=(X=0.000 Y=-12600.000 Z=-100.000), Max=(X=12600.000 Y=0.000 Z=100.000) RuntimeGrid:None EditorOnly:false RuntimeOnly:false HLODRelevant:true ListedInSceneOutliner:true IsMainWorldOnly:false
 |   |   |- [+] [ 12]
 |   |   |   |- Guid:6BAF4DDD444C60371492D3919DB42C97 NativeClass:/Script/Engine.WorldDataLayers Name:WorldDataLayers Label:WorldDataLayers SpatiallyLoaded:false EditorBounds:IsValid=false, Min=(X=0.000 Y=0.000 Z=0.000), Max=(X=0.000 Y=0.000 Z=0.000) RuntimeBounds:IsValid=false, Min=(X=0.000 Y=0.000 Z=0.000), Max=(X=0.000 Y=0.000 Z=0.000) RuntimeGrid:None EditorOnly:false RuntimeOnly:false HLODRelevant:false ListedInSceneOutliner:true IsMainWorldOnly:true
 |   |   |- [+] [ 13]
 |   |   |   |- Guid:7236A31545C13FB174ED528B721F6935 NativeClass:/Script/Landscape.LandscapeStreamingProxy Name:LandscapeStreamingProxy_0G55VDTI2WNNUTL0PHXSBCKHG_126_0_3_0 Label:LandscapeStreamingProxy_0_3_0 SpatiallyLoaded:true EditorBounds:IsValid=true, Min=(X=-25200.000 Y=12600.000 Z=-100.000), Max=(X=-12600.000 Y=25200.000 Z=100.000) RuntimeBounds:IsValid=true, Min=(X=-25200.000 Y=12600.000 Z=-100.000), Max=(X=-12600.000 Y=25200.000 Z=100.000) RuntimeGrid:None EditorOnly:false RuntimeOnly:false HLODRelevant:true ListedInSceneOutliner:true IsMainWorldOnly:false
 |   |   |- [+] [ 14]
 |   |   |   |- Guid:73D5DFF842CAB471490B6D9D995A83A5 NativeClass:/Script/Engine.StaticMeshActor Name:StaticMeshActor_UAID_485F99B2BF9A233A02_1795478904 Label:ChristmasTreeSketchfab4 SpatiallyLoaded:true EditorBounds:IsValid=true, Min=(X=2236.238 Y=344.268 Z=-19.992), Max=(X=2503.762 Y=615.104 Z=444.750) RuntimeBounds:IsValid=true, Min=(X=2236.238 Y=344.268 Z=-19.992), Max=(X=2503.762 Y=615.104 Z=444.750) RuntimeGrid:None EditorOnly:false RuntimeOnly:false HLODRelevant:true ListedInSceneOutliner:true IsMainWorldOnly:false
 |   |   |- [+] [ 15]
 |   |   |   |- Guid:745A095B4BA4E157E4537FA63F5B7B43 NativeClass:/Script/Engine.StaticMeshActor Name:StaticMeshActor_2 Label:SM_ChamferCube SpatiallyLoaded:true EditorBounds:IsValid=true, Min=(X=1100.000 Y=2000.000 Z=0.013), Max=(X=1200.000 Y=2100.000 Z=100.013) RuntimeBounds:IsValid=true, Min=(X=1100.000 Y=2000.000 Z=0.013), Max=(X=1200.000 Y=2100.000 Z=100.013) RuntimeGrid:None EditorOnly:false RuntimeOnly:false HLODRelevant:false ListedInSceneOutliner:true IsMainWorldOnly:false
 |   |   |- [+] [ 16]
 |   |   |   |- Guid:81EE63B94A73D4DE244D8EBB528EE97F NativeClass:/Script/Landscape.LandscapeStreamingProxy Name:LandscapeStreamingProxy_0G55VDTI2WNNUTL0PHXSBCKHG_126_3_1_0 Label:LandscapeStreamingProxy_3_1_0 SpatiallyLoaded:true EditorBounds:IsValid=true, Min=(X=12600.000 Y=-12600.000 Z=-100.000), Max=(X=25200.000 Y=0.000 Z=100.000) RuntimeBounds:IsValid=true, Min=(X=12600.000 Y=-12600.000 Z=-100.000), Max=(X=25200.000 Y=0.000 Z=100.000) RuntimeGrid:None EditorOnly:false RuntimeOnly:false HLODRelevant:true ListedInSceneOutliner:true IsMainWorldOnly:false
 |   |   |- [+] [ 17]
 |   |   |   |- Guid:87432DC740678AD9DC7709B76919F32B NativeClass:/Script/Landscape.LandscapeStreamingProxy Name:LandscapeStreamingProxy_0G55VDTI2WNNUTL0PHXSBCKHG_126_3_0_0 Label:LandscapeStreamingProxy_3_0_0 SpatiallyLoaded:true EditorBounds:IsValid=true, Min=(X=12600.000 Y=-25200.000 Z=-100.000), Max=(X=25200.000 Y=-12600.000 Z=100.000) RuntimeBounds:IsValid=true, Min=(X=12600.000 Y=-25200.000 Z=-100.000), Max=(X=25200.000 Y=-12600.000 Z=100.000) RuntimeGrid:None EditorOnly:false RuntimeOnly:false HLODRelevant:true ListedInSceneOutliner:true IsMainWorldOnly:false
 |   |   |- [+] [ 18]
 |   |   |   |- Guid:936240EE454535A3FEB2D9836ADC8B0E NativeClass:/Script/Landscape.LandscapeStreamingProxy Name:LandscapeStreamingProxy_0G55VDTI2WNNUTL0PHXSBCKHG_126_2_2_0 Label:LandscapeStreamingProxy_2_2_0 SpatiallyLoaded:true EditorBounds:IsValid=true, Min=(X=0.000 Y=0.000 Z=-100.000), Max=(X=12600.000 Y=12600.000 Z=100.000) RuntimeBounds:IsValid=true, Min=(X=0.000 Y=0.000 Z=-100.000), Max=(X=12600.000 Y=12600.000 Z=100.000) RuntimeGrid:None EditorOnly:false RuntimeOnly:false HLODRelevant:true ListedInSceneOutliner:true IsMainWorldOnly:false
 |   |   |- [+] [ 19]
 |   |   |   |- Guid:9F7E79CC42D6AF728F92DDBA7E3E0E21 NativeClass:/Script/Landscape.LandscapeStreamingProxy Name:LandscapeStreamingProxy_0G55VDTI2WNNUTL0PHXSBCKHG_126_3_3_0 Label:LandscapeStreamingProxy_3_3_0 SpatiallyLoaded:true EditorBounds:IsValid=true, Min=(X=12600.000 Y=12600.000 Z=-100.000), Max=(X=25200.000 Y=25200.000 Z=100.000) RuntimeBounds:IsValid=true, Min=(X=12600.000 Y=12600.000 Z=-100.000), Max=(X=25200.000 Y=25200.000 Z=100.000) RuntimeGrid:None EditorOnly:false RuntimeOnly:false HLODRelevant:true ListedInSceneOutliner:true IsMainWorldOnly:false
 |   |   |- [+] [ 20]
 |   |   |   |- Guid:ADDEAFFC4D7D9D00442DF59CD82D2183 NativeClass:/Script/Landscape.Landscape Name:Landscape_UAID_485F99B2BF9A2A3A02_1716513145 Label:Landscape SpatiallyLoaded:false EditorBounds:IsValid=true, Min=(X=-25200.000 Y=-25200.000 Z=0.000), Max=(X=-25200.000 Y=-25200.000 Z=0.000) RuntimeBounds:IsValid=true, Min=(X=-25200.000 Y=-25200.000 Z=0.000), Max=(X=-25200.000 Y=-25200.000 Z=0.000) RuntimeGrid:None EditorOnly:false RuntimeOnly:false HLODRelevant:false ListedInSceneOutliner:true IsMainWorldOnly:false
 |   |   |- [+] [ 21]
 |   |   |   |- Guid:B785ED2844B84CFB91E7F39FE661CD99 NativeClass:/Script/Engine.DirectionalLight Name:DirectionalLight_0 Label:DirectionalLight SpatiallyLoaded:false EditorBounds:IsValid=false, Min=(X=0.000 Y=0.000 Z=0.000), Max=(X=0.000 Y=0.000 Z=0.000) RuntimeBounds:IsValid=false, Min=(X=0.000 Y=0.000 Z=0.000), Max=(X=0.000 Y=0.000 Z=0.000) RuntimeGrid:None EditorOnly:false RuntimeOnly:false HLODRelevant:false ListedInSceneOutliner:true IsMainWorldOnly:false FolderPath:Lighting FolderGuid:963EC3EB4002CCE9759E2EBA541A873A
 |   |   |- [+] [ 22]
 |   |   |   |- Guid:BBA15EB645460C0E10E1BAA00D891609 BaseClass:/Game/Assets/BP_Gift_Object.BP_Gift_Object_C NativeClass:/Script/Engine.Actor Name:BP_Gift_Object_C_UAID_485F99B2BF9A163A02_2097068627 Label:BP_Gift_Object SpatiallyLoaded:true EditorBounds:IsValid=true, Min=(X=885.779 Y=1746.609 Z=208.334), Max=(X=963.373 Y=1823.439 Z=328.612) RuntimeBounds:IsValid=true, Min=(X=885.779 Y=1746.609 Z=208.334), Max=(X=963.373 Y=1823.439 Z=328.612) RuntimeGrid:None EditorOnly:false RuntimeOnly:false HLODRelevant:false ListedInSceneOutliner:true IsMainWorldOnly:false
 |   |   |- [+] [ 23]
 |   |   |   |- Guid:C33466CE4C6AAB90BD84CD90B3277BB3 NativeClass:/Script/Landscape.LandscapeStreamingProxy Name:LandscapeStreamingProxy_0G55VDTI2WNNUTL0PHXSBCKHG_126_1_2_0 Label:LandscapeStreamingProxy_1_2_0 SpatiallyLoaded:true EditorBounds:IsValid=true, Min=(X=-12600.000 Y=0.000 Z=-100.000), Max=(X=0.000 Y=12600.000 Z=100.000) RuntimeBounds:IsValid=true, Min=(X=-12600.000 Y=0.000 Z=-100.000), Max=(X=0.000 Y=12600.000 Z=100.000) RuntimeGrid:None EditorOnly:false RuntimeOnly:false HLODRelevant:true ListedInSceneOutliner:true IsMainWorldOnly:false
 |   |   |- [+] [ 24]
 |   |   |   |- Guid:CCFF262C46EEFFDF319E7F9539CE697E NativeClass:/Script/Engine.SkyAtmosphere Name:SkyAtmosphere_0 Label:SkyAtmosphere SpatiallyLoaded:false EditorBounds:IsValid=true, Min=(X=-128.000 Y=-128.000 Z=892.000), Max=(X=240.000 Y=128.000 Z=1148.000) RuntimeBounds:IsValid=true, Min=(X=0.000 Y=0.000 Z=1020.000), Max=(X=0.000 Y=0.000 Z=1020.000) RuntimeGrid:None EditorOnly:false RuntimeOnly:false HLODRelevant:false ListedInSceneOutliner:true IsMainWorldOnly:false FolderPath:Lighting FolderGuid:963EC3EB4002CCE9759E2EBA541A873A
 |   |   |- [+] [ 25]
 |   |   |   |- Guid:D802105E479EF732C4AE9A87782C2415 BaseClass:/Game/AI/BB_AI_Character.BB_AI_Character_C NativeClass:/Script/Engine.Character Name:BB_AI_Character_C_UAID_485F99B2BF9A283A02_1646082785 Label:BB_AI_Character SpatiallyLoaded:true EditorBounds:IsValid=true, Min=(X=2086.000 Y=760.000 Z=120.000), Max=(X=2360.000 Y=920.000 Z=303.918) RuntimeBounds:IsValid=true, Min=(X=2086.000 Y=781.237 Z=120.000), Max=(X=2154.000 Y=898.243 Z=303.918) RuntimeGrid:None EditorOnly:false RuntimeOnly:false HLODRelevant:false ListedInSceneOutliner:true IsMainWorldOnly:false
 |   |   |- [+] [ 26]
 |   |   |   |- Guid:DFB00CF5485640B5DE72A28EED64D470 NativeClass:/Script/Landscape.LandscapeStreamingProxy Name:LandscapeStreamingProxy_0G55VDTI2WNNUTL0PHXSBCKHG_126_1_1_0 Label:LandscapeStreamingProxy_1_1_0 SpatiallyLoaded:true EditorBounds:IsValid=true, Min=(X=-12600.000 Y=-12600.000 Z=-100.000), Max=(X=0.000 Y=0.000 Z=100.000) RuntimeBounds:IsValid=true, Min=(X=-12600.000 Y=-12600.000 Z=-100.000), Max=(X=0.000 Y=0.000 Z=100.000) RuntimeGrid:None EditorOnly:false RuntimeOnly:false HLODRelevant:true ListedInSceneOutliner:true IsMainWorldOnly:false
 |   |   |- [+] [ 27]
 |   |   |   |- Guid:E84E990E4DE9AD64161CC58678A0CFC2 NativeClass:/Script/Landscape.LandscapeStreamingProxy Name:LandscapeStreamingProxy_0G55VDTI2WNNUTL0PHXSBCKHG_126_0_2_0 Label:LandscapeStreamingProxy_0_2_0 SpatiallyLoaded:true EditorBounds:IsValid=true, Min=(X=-25200.000 Y=0.000 Z=-100.000), Max=(X=-12600.000 Y=12600.000 Z=100.000) RuntimeBounds:IsValid=true, Min=(X=-25200.000 Y=0.000 Z=-100.000), Max=(X=-12600.000 Y=12600.000 Z=100.000) RuntimeGrid:None EditorOnly:false RuntimeOnly:false HLODRelevant:true ListedInSceneOutliner:true IsMainWorldOnly:false
 |   |   |- [+] [ 28]
 |   |   |   |- Guid:EC4E0C944CE6AC6E784BC6BB2916EA13 NativeClass:/Script/Engine.StaticMeshActor Name:StaticMeshActor_UAID_A4AE111137DC5EFB00_1110535423 Label:SM_SkySphere SpatiallyLoaded:false EditorBounds:IsValid=true, Min=(X=-1638400.000 Y=-1638400.000 Z=-1638400.000), Max=(X=1638400.000 Y=1638400.000 Z=1638400.000) RuntimeBounds:IsValid=true, Min=(X=-1638400.000 Y=-1638400.000 Z=-1638400.000), Max=(X=1638400.000 Y=1638400.000 Z=1638400.000) RuntimeGrid:None EditorOnly:false RuntimeOnly:false HLODRelevant:false ListedInSceneOutliner:true IsMainWorldOnly:false FolderPath:Lighting FolderGuid:963EC3EB4002CCE9759E2EBA541A873A
 |   |   |- [+] [ 29]
 |   |   |   |- Guid:ED6E46384CE29A08D5F660934D606D2A NativeClass:/Script/Landscape.LandscapeStreamingProxy Name:LandscapeStreamingProxy_0G55VDTI2WNNUTL0PHXSBCKHG_126_2_3_0 Label:LandscapeStreamingProxy_2_3_0 SpatiallyLoaded:true EditorBounds:IsValid=true, Min=(X=0.000 Y=12600.000 Z=-100.000), Max=(X=12600.000 Y=25200.000 Z=100.000) RuntimeBounds:IsValid=true, Min=(X=0.000 Y=12600.000 Z=-100.000), Max=(X=12600.000 Y=25200.000 Z=100.000) RuntimeGrid:None EditorOnly:false RuntimeOnly:false HLODRelevant:true ListedInSceneOutliner:true IsMainWorldOnly:false
 |   |   |- [+] [ 30]
 |   |   |   |- Guid:F5E3FEB3450C49844FD93DA8E083C8AD NativeClass:/Script/Engine.PostProcessVolume Name:PostProcessVolume_0 Label:PostProcessVolume SpatiallyLoaded:false EditorBounds:IsValid=true, Min=(X=0.000 Y=0.000 Z=400.000), Max=(X=200.000 Y=200.000 Z=600.000) RuntimeBounds:IsValid=true, Min=(X=0.000 Y=0.000 Z=400.000), Max=(X=200.000 Y=200.000 Z=600.000) RuntimeGrid:None EditorOnly:false RuntimeOnly:false HLODRelevant:false ListedInSceneOutliner:true IsMainWorldOnly:false FolderPath:Lighting FolderGuid:963EC3EB4002CCE9759E2EBA541A873A
 |   |   |- [+] [ 31]
 |   |   |   |- Guid:F88FF09F4A398A8FFFC55D99EB4A86BA NativeClass:/Script/Landscape.LandscapeStreamingProxy Name:LandscapeStreamingProxy_0G55VDTI2WNNUTL0PHXSBCKHG_126_1_3_0 Label:LandscapeStreamingProxy_1_3_0 SpatiallyLoaded:true EditorBounds:IsValid=true, Min=(X=-12600.000 Y=12600.000 Z=-100.000), Max=(X=0.000 Y=25200.000 Z=100.000) RuntimeBounds:IsValid=true, Min=(X=-12600.000 Y=12600.000 Z=-100.000), Max=(X=0.000 Y=25200.000 Z=100.000) RuntimeGrid:None EditorOnly:false RuntimeOnly:false HLODRelevant:true ListedInSceneOutliner:true IsMainWorldOnly:false
 |   |   |- [+] [ 32]
 |   |   |   |- Guid:F8CB109846294E7A201CE5BD266629FD NativeClass:/Script/Engine.StaticMeshActor Name:StaticMeshActor_UAID_485F99B2BF9A1F3A02_1736890212 Label:ChristmasTreeSketchfab SpatiallyLoaded:true EditorBounds:IsValid=true, Min=(X=1030.000 Y=600.000 Z=60.000), Max=(X=1030.000 Y=600.000 Z=60.000) RuntimeBounds:IsValid=true, Min=(X=1030.000 Y=600.000 Z=60.000), Max=(X=1030.000 Y=600.000 Z=60.000) RuntimeGrid:None EditorOnly:false RuntimeOnly:false HLODRelevant:false ListedInSceneOutliner:true IsMainWorldOnly:false
 |- ContainerInstances:
 |- [+] MainContainer:
 |   |-        ID: 00000000000000000000000000000000
 |   |-  ParentID: 00000000000000000000000000000000
 |   |-    Bounds: IsValid=false, Min=(X=0.000 Y=0.000 Z=0.000), Max=(X=0.000 Y=0.000 Z=0.000)
 |   |- Transform: 0.000000,0.000000,0.000000|0.000000,0.000000,-0.000000|1.000000,1.000000,1.000000
 |   |- Container: /Game/ThirdPerson/Maps/Main
----------------------------------------------------------------------------------------------------------------
Main - Persistent Level
----------------------------------------------------------------------------------------------------------------
[+] Content of Main Persistent Level
 |- Always loaded Actor Count: 33 
 |- Actor Path: /Game/ThirdPerson/Maps/Main.Main:PersistentLevel.BB_AI_Character_C_UAID_485F99B2BF9A283A02_1646082785
 |- Actor Package: /Game/__ExternalActors__/ThirdPerson/Maps/Main/4/NO/NJ69HO0EVHDKYKYF5PLL3C
 |- Actor Path: /Game/ThirdPerson/Maps/Main.Main:PersistentLevel.BP_Gift_Object_C_UAID_485F99B2BF9A163A02_2097068627
 |- Actor Package: /Game/__ExternalActors__/ThirdPerson/Maps/Main/D/EU/GVAL54OWQLFNBXHBW76BX9
 |- Actor Path: /Game/ThirdPerson/Maps/Main.Main:PersistentLevel.DirectionalLight_0
 |- Actor Package: /Game/__ExternalActors__/ThirdPerson/Maps/Main/C/SG/7OPH6DT6DJK3TQMI6M20V3
 |- Actor Path: /Game/ThirdPerson/Maps/Main.Main:PersistentLevel.ExponentialHeightFog_0
 |- Actor Package: /Game/__ExternalActors__/ThirdPerson/Maps/Main/E/OI/EG1YTRK83JFNJ6VTJ9D66N
 |- Actor Path: /Game/ThirdPerson/Maps/Main.Main:PersistentLevel.Landscape_UAID_485F99B2BF9A2A3A02_1716513145
 |- Actor Package: /Game/__ExternalActors__/ThirdPerson/Maps/Main/0/41/GEUZ8IL8HUIX28C0S2T6PK
 |- Actor Path: /Game/ThirdPerson/Maps/Main.Main:PersistentLevel.LandscapeStreamingProxy_0G55VDTI2WNNUTL0PHXSBCKHG_126_0_0_0
 |- Actor Package: /Game/__ExternalActors__/ThirdPerson/Maps/Main/3/OT/F5CB7Y3EYNJ6WEMAPLD1CN
 |- Actor Path: /Game/ThirdPerson/Maps/Main.Main:PersistentLevel.LandscapeStreamingProxy_0G55VDTI2WNNUTL0PHXSBCKHG_126_0_1_0
 |- Actor Package: /Game/__ExternalActors__/ThirdPerson/Maps/Main/2/8H/2N09W6NB9QFP7XCRQRGXFT
 |- Actor Path: /Game/ThirdPerson/Maps/Main.Main:PersistentLevel.LandscapeStreamingProxy_0G55VDTI2WNNUTL0PHXSBCKHG_126_0_2_0
 |- Actor Package: /Game/__ExternalActors__/ThirdPerson/Maps/Main/5/SR/0TYOSH9ACIKGBJ98ND45E6
 |- Actor Path: /Game/ThirdPerson/Maps/Main.Main:PersistentLevel.LandscapeStreamingProxy_0G55VDTI2WNNUTL0PHXSBCKHG_126_0_3_0
 |- Actor Package: /Game/__ExternalActors__/ThirdPerson/Maps/Main/3/EM/5JTH0L87O7EHSTF4Q3G81Y
 |- Actor Path: /Game/ThirdPerson/Maps/Main.Main:PersistentLevel.LandscapeStreamingProxy_0G55VDTI2WNNUTL0PHXSBCKHG_126_1_0_0
 |- Actor Package: /Game/__ExternalActors__/ThirdPerson/Maps/Main/0/MS/JNRX9IMD8612CPX67ECLLT
 |- Actor Path: /Game/ThirdPerson/Maps/Main.Main:PersistentLevel.LandscapeStreamingProxy_0G55VDTI2WNNUTL0PHXSBCKHG_126_1_1_0
 |- Actor Package: /Game/__ExternalActors__/ThirdPerson/Maps/Main/8/QU/IAQLSFSGSD00N4TDTI3YE0
 |- Actor Path: /Game/ThirdPerson/Maps/Main.Main:PersistentLevel.LandscapeStreamingProxy_0G55VDTI2WNNUTL0PHXSBCKHG_126_1_2_0
 |- Actor Package: /Game/__ExternalActors__/ThirdPerson/Maps/Main/E/XU/7N2CHRG9WV6DKDY07WWQ5D
 |- Actor Path: /Game/ThirdPerson/Maps/Main.Main:PersistentLevel.LandscapeStreamingProxy_0G55VDTI2WNNUTL0PHXSBCKHG_126_1_3_0
 |- Actor Package: /Game/__ExternalActors__/ThirdPerson/Maps/Main/C/O1/VHAZJM5BI3F0TEDBLMKNVQ
 |- Actor Path: /Game/ThirdPerson/Maps/Main.Main:PersistentLevel.LandscapeStreamingProxy_0G55VDTI2WNNUTL0PHXSBCKHG_126_2_0_0
 |- Actor Package: /Game/__ExternalActors__/ThirdPerson/Maps/Main/7/XG/HJTPJ7PNGXNFEAILJ2X8IO
 |- Actor Path: /Game/ThirdPerson/Maps/Main.Main:PersistentLevel.LandscapeStreamingProxy_0G55VDTI2WNNUTL0PHXSBCKHG_126_2_1_0
 |- Actor Package: /Game/__ExternalActors__/ThirdPerson/Maps/Main/1/B7/SJCCG6RMOS7OHMNDBQOMHB
 |- Actor Path: /Game/ThirdPerson/Maps/Main.Main:PersistentLevel.LandscapeStreamingProxy_0G55VDTI2WNNUTL0PHXSBCKHG_126_2_2_0
 |- Actor Package: /Game/__ExternalActors__/ThirdPerson/Maps/Main/3/LL/WROIB2FCIICB1WZJQBWQ0E
 |- Actor Path: /Game/ThirdPerson/Maps/Main.Main:PersistentLevel.LandscapeStreamingProxy_0G55VDTI2WNNUTL0PHXSBCKHG_126_2_3_0
 |- Actor Package: /Game/__ExternalActors__/ThirdPerson/Maps/Main/E/D7/XAOF85J3EI66SJI5E6KFH0
 |- Actor Path: /Game/ThirdPerson/Maps/Main.Main:PersistentLevel.LandscapeStreamingProxy_0G55VDTI2WNNUTL0PHXSBCKHG_126_3_0_0
 |- Actor Package: /Game/__ExternalActors__/ThirdPerson/Maps/Main/E/7C/GEPKGT7P3X01EDWC9EYX31
 |- Actor Path: /Game/ThirdPerson/Maps/Main.Main:PersistentLevel.LandscapeStreamingProxy_0G55VDTI2WNNUTL0PHXSBCKHG_126_3_1_0
 |- Actor Package: /Game/__ExternalActors__/ThirdPerson/Maps/Main/B/0T/UWMPRZZAQRUHEQH4RUA3RQ
 |- Actor Path: /Game/ThirdPerson/Maps/Main.Main:PersistentLevel.LandscapeStreamingProxy_0G55VDTI2WNNUTL0PHXSBCKHG_126_3_2_0
 |- Actor Package: /Game/__ExternalActors__/ThirdPerson/Maps/Main/7/L7/HA3FOS4IUS1WUGEJTNQE19
 |- Actor Path: /Game/ThirdPerson/Maps/Main.Main:PersistentLevel.LandscapeStreamingProxy_0G55VDTI2WNNUTL0PHXSBCKHG_126_3_3_0
 |- Actor Package: /Game/__ExternalActors__/ThirdPerson/Maps/Main/5/65/DDZ7CR0AK5XOCFYZ3RRT7K
 |- Actor Path: /Game/ThirdPerson/Maps/Main.Main:PersistentLevel.PlayerStart_0
 |- Actor Package: /Game/__ExternalActors__/ThirdPerson/Maps/Main/1/33/VUOEKLSCJX2BP42II9N7CI
 |- Actor Path: /Game/ThirdPerson/Maps/Main.Main:PersistentLevel.PostProcessVolume_0
 |- Actor Package: /Game/__ExternalActors__/ThirdPerson/Maps/Main/0/HS/6ZK169EVMKJSVLTS76NHMH
 |- Actor Path: /Game/ThirdPerson/Maps/Main.Main:PersistentLevel.RecastNavMesh_UAID_485F99B2BF9A283A02-Default
 |- Actor Package: /Game/__ExternalActors__/ThirdPerson/Maps/Main/9/7V/J4C6YQBMCD3IY64M4UPY0P
 |- Actor Path: /Game/ThirdPerson/Maps/Main.Main:PersistentLevel.SkyAtmosphere_0
 |- Actor Package: /Game/__ExternalActors__/ThirdPerson/Maps/Main/8/9V/3H75HROXT87M2LSLY3TRB1
 |- Actor Path: /Game/ThirdPerson/Maps/Main.Main:PersistentLevel.SkyLight_1
 |- Actor Package: /Game/__ExternalActors__/ThirdPerson/Maps/Main/5/LP/BRNRH0L44Q43HLMDYM3IAG
 |- Actor Path: /Game/ThirdPerson/Maps/Main.Main:PersistentLevel.StaticMeshActor_2
 |- Actor Package: /Game/__ExternalActors__/ThirdPerson/Maps/Main/7/8C/UKZ3DHXVXBJQWRM9HZIH2Z
 |- Actor Path: /Game/ThirdPerson/Maps/Main.Main:PersistentLevel.StaticMeshActor_UAID_485F99B2BF9A1F3A02_1736890212
 |- Actor Package: /Game/__ExternalActors__/ThirdPerson/Maps/Main/1/ND/RHPPBGY2LTAULAXZ0BT2O9
 |- Actor Path: /Game/ThirdPerson/Maps/Main.Main:PersistentLevel.StaticMeshActor_UAID_485F99B2BF9A233A02_1756949903
 |- Actor Package: /Game/__ExternalActors__/ThirdPerson/Maps/Main/5/7K/1DXB4VM1TY6FDRQVQO7MNY
 |- Actor Path: /Game/ThirdPerson/Maps/Main.Main:PersistentLevel.StaticMeshActor_UAID_485F99B2BF9A233A02_1795478904
 |- Actor Package: /Game/__ExternalActors__/ThirdPerson/Maps/Main/A/GO/HE5KKPYUFT01GG39MWV8J2
 |- Actor Path: /Game/ThirdPerson/Maps/Main.Main:PersistentLevel.StaticMeshActor_UAID_A4AE111137DC5EFB00_1110535423
 |- Actor Package: /Game/__ExternalActors__/ThirdPerson/Maps/Main/D/AC/211ZKBBMD9JAQVQ7RK8NN2
 |- Actor Path: /Game/ThirdPerson/Maps/Main.Main:PersistentLevel.VolumetricCloud_0
 |- Actor Package: /Game/__ExternalActors__/ThirdPerson/Maps/Main/9/H0/EI1HPNCAAXVRQKQ74PTC6M
 |- Actor Path: /Game/ThirdPerson/Maps/Main.Main:PersistentLevel.WorldDataLayers
 |- Actor Package: /Game/__ExternalActors__/ThirdPerson/Maps/Main/0/B4/P033ELEX9LFR8C4SB82ENO

----------------------------------------------------------------------------------------------------------------
Main - Runtime Hash Set
----------------------------------------------------------------------------------------------------------------

